{"/home/travis/build/npmtest/node-npmtest-grunt-git/test.js":{"path":"/home/travis/build/npmtest/node-npmtest-grunt-git/test.js","s":{"1":2,"2":2,"3":2,"4":2,"5":2,"6":2,"7":2,"8":1,"9":2,"10":2,"11":1,"12":1,"13":1,"14":1,"15":2,"16":2,"17":2,"18":2,"19":1,"20":1,"21":2,"22":2,"23":2,"24":1,"25":1,"26":1,"27":1,"28":1,"29":1,"30":1,"31":1,"32":1,"33":1,"34":1,"35":1,"36":1,"37":1,"38":1,"39":2,"40":2,"41":1,"42":2,"43":2,"44":1,"45":2,"46":2,"47":1,"48":2,"49":2,"50":1,"51":1,"52":1,"53":1,"54":1},"b":{"1":[2,1,1,1],"2":[1,1,1,1],"3":[1,1],"4":[1,1],"5":[1,1],"6":[1,1],"7":[1,1],"8":[1,1],"9":[1,1],"10":[1,1,1],"11":[1,1],"12":[1,1],"13":[1,1],"14":[1,1],"15":[1,1],"16":[1,1],"17":[1,1]},"f":{"1":2,"2":2,"3":2,"4":2,"5":2,"6":1,"7":1,"8":1,"9":2,"10":2,"11":2,"12":2,"13":1},"fnMap":{"1":{"name":"(anonymous_1)","line":12,"loc":{"start":{"line":12,"column":1},"end":{"line":12,"column":13}}},"2":{"name":"(anonymous_2)","line":19,"loc":{"start":{"line":19,"column":5},"end":{"line":19,"column":17}}},"3":{"name":"(anonymous_3)","line":23,"loc":{"start":{"line":23,"column":24},"end":{"line":23,"column":36}}},"4":{"name":"(anonymous_4)","line":61,"loc":{"start":{"line":61,"column":5},"end":{"line":61,"column":17}}},"5":{"name":"(anonymous_5)","line":82,"loc":{"start":{"line":82,"column":5},"end":{"line":82,"column":17}}},"6":{"name":"(anonymous_6)","line":91,"loc":{"start":{"line":91,"column":77},"end":{"line":94,"column":10}}},"7":{"name":"(anonymous_7)","line":112,"loc":{"start":{"line":112,"column":83},"end":{"line":115,"column":10}},"skip":true},"8":{"name":"(anonymous_8)","line":123,"loc":{"start":{"line":123,"column":77},"end":{"line":126,"column":10}},"skip":true},"9":{"name":"(anonymous_9)","line":139,"loc":{"start":{"line":139,"column":12},"end":{"line":139,"column":40}},"skip":true},"10":{"name":"(anonymous_10)","line":147,"loc":{"start":{"line":147,"column":77},"end":{"line":150,"column":10}},"skip":true},"11":{"name":"(anonymous_11)","line":158,"loc":{"start":{"line":158,"column":83},"end":{"line":161,"column":10}},"skip":true},"12":{"name":"(anonymous_12)","line":169,"loc":{"start":{"line":169,"column":79},"end":{"line":172,"column":10}},"skip":true},"13":{"name":"(anonymous_13)","line":180,"loc":{"start":{"line":180,"column":75},"end":{"line":183,"column":10}},"skip":true}},"statementMap":{"1":{"start":{"line":12,"column":0},"end":{"line":195,"column":5}},"2":{"start":{"line":14,"column":4},"end":{"line":14,"column":14}},"3":{"start":{"line":19,"column":4},"end":{"line":56,"column":9}},"4":{"start":{"line":21,"column":8},"end":{"line":21,"column":19}},"5":{"start":{"line":23,"column":8},"end":{"line":35,"column":13}},"6":{"start":{"line":24,"column":12},"end":{"line":34,"column":13}},"7":{"start":{"line":25,"column":16},"end":{"line":28,"column":30}},"8":{"start":{"line":30,"column":16},"end":{"line":33,"column":27}},"9":{"start":{"line":37,"column":8},"end":{"line":39,"column":21}},"10":{"start":{"line":40,"column":8},"end":{"line":53,"column":9}},"11":{"start":{"line":43,"column":12},"end":{"line":46,"column":14}},"12":{"start":{"line":47,"column":12},"end":{"line":47,"column":18}},"13":{"start":{"line":50,"column":12},"end":{"line":51,"column":33}},"14":{"start":{"line":52,"column":12},"end":{"line":52,"column":18}},"15":{"start":{"line":55,"column":8},"end":{"line":55,"column":35}},"16":{"start":{"line":61,"column":4},"end":{"line":63,"column":9}},"17":{"start":{"line":62,"column":8},"end":{"line":62,"column":15}},"18":{"start":{"line":64,"column":4},"end":{"line":77,"column":5}},"19":{"start":{"line":70,"column":8},"end":{"line":70,"column":14}},"20":{"start":{"line":76,"column":8},"end":{"line":76,"column":14}},"21":{"start":{"line":82,"column":4},"end":{"line":84,"column":9}},"22":{"start":{"line":83,"column":8},"end":{"line":83,"column":15}},"23":{"start":{"line":85,"column":4},"end":{"line":194,"column":5}},"24":{"start":{"line":91,"column":8},"end":{"line":99,"column":10}},"25":{"start":{"line":98,"column":12},"end":{"line":98,"column":35}},"26":{"start":{"line":102,"column":8},"end":{"line":104,"column":63}},"27":{"start":{"line":105,"column":8},"end":{"line":105,"column":14}},"28":{"start":{"line":112,"column":8},"end":{"line":121,"column":10},"skip":true},"29":{"start":{"line":119,"column":12},"end":{"line":119,"column":55},"skip":true},"30":{"start":{"line":120,"column":12},"end":{"line":120,"column":48},"skip":true},"31":{"start":{"line":123,"column":8},"end":{"line":136,"column":10},"skip":true},"32":{"start":{"line":130,"column":12},"end":{"line":130,"column":76},"skip":true},"33":{"start":{"line":131,"column":12},"end":{"line":131,"column":73},"skip":true},"34":{"start":{"line":132,"column":12},"end":{"line":132,"column":74},"skip":true},"35":{"start":{"line":133,"column":12},"end":{"line":133,"column":79},"skip":true},"36":{"start":{"line":134,"column":12},"end":{"line":134,"column":25},"skip":true},"37":{"start":{"line":135,"column":12},"end":{"line":135,"column":45},"skip":true},"38":{"start":{"line":138,"column":8},"end":{"line":145,"column":14},"skip":true},"39":{"start":{"line":143,"column":16},"end":{"line":143,"column":29},"skip":true},"40":{"start":{"line":144,"column":16},"end":{"line":144,"column":55},"skip":true},"41":{"start":{"line":147,"column":8},"end":{"line":156,"column":10},"skip":true},"42":{"start":{"line":154,"column":12},"end":{"line":154,"column":25},"skip":true},"43":{"start":{"line":155,"column":12},"end":{"line":155,"column":45},"skip":true},"44":{"start":{"line":158,"column":8},"end":{"line":167,"column":10},"skip":true},"45":{"start":{"line":165,"column":12},"end":{"line":165,"column":25},"skip":true},"46":{"start":{"line":166,"column":12},"end":{"line":166,"column":48},"skip":true},"47":{"start":{"line":169,"column":8},"end":{"line":178,"column":10},"skip":true},"48":{"start":{"line":176,"column":12},"end":{"line":176,"column":25},"skip":true},"49":{"start":{"line":177,"column":12},"end":{"line":177,"column":46},"skip":true},"50":{"start":{"line":180,"column":8},"end":{"line":189,"column":10},"skip":true},"51":{"start":{"line":187,"column":12},"end":{"line":187,"column":94},"skip":true},"52":{"start":{"line":188,"column":12},"end":{"line":188,"column":48},"skip":true},"53":{"start":{"line":192,"column":8},"end":{"line":192,"column":35},"skip":true},"54":{"start":{"line":193,"column":8},"end":{"line":193,"column":14},"skip":true}},"branchMap":{"1":{"line":25,"type":"binary-expr","locations":[{"start":{"line":25,"column":23},"end":{"line":25,"column":62}},{"start":{"line":26,"column":20},"end":{"line":26,"column":70}},{"start":{"line":27,"column":20},"end":{"line":27,"column":71}},{"start":{"line":28,"column":20},"end":{"line":28,"column":29}}]},"2":{"line":30,"type":"binary-expr","locations":[{"start":{"line":30,"column":23},"end":{"line":30,"column":37}},{"start":{"line":31,"column":20},"end":{"line":31,"column":61}},{"start":{"line":32,"column":20},"end":{"line":32,"column":70}},{"start":{"line":33,"column":20},"end":{"line":33,"column":26}}]},"3":{"line":37,"type":"cond-expr","locations":[{"start":{"line":38,"column":14},"end":{"line":38,"column":20}},{"start":{"line":39,"column":14},"end":{"line":39,"column":20}}]},"4":{"line":40,"type":"switch","locations":[{"start":{"line":42,"column":8},"end":{"line":47,"column":18}},{"start":{"line":49,"column":8},"end":{"line":52,"column":18}}]},"5":{"line":44,"type":"binary-expr","locations":[{"start":{"line":44,"column":16},"end":{"line":44,"column":44}},{"start":{"line":44,"column":48},"end":{"line":44,"column":66}}]},"6":{"line":50,"type":"binary-expr","locations":[{"start":{"line":50,"column":21},"end":{"line":50,"column":49}},{"start":{"line":50,"column":53},"end":{"line":50,"column":72}}]},"7":{"line":64,"type":"switch","locations":[{"start":{"line":69,"column":4},"end":{"line":70,"column":14}},{"start":{"line":75,"column":4},"end":{"line":76,"column":14}}]},"8":{"line":85,"type":"switch","locations":[{"start":{"line":90,"column":4},"end":{"line":105,"column":14}},{"start":{"line":111,"column":4},"end":{"line":193,"column":14},"skip":true}]},"9":{"line":91,"type":"binary-expr","locations":[{"start":{"line":91,"column":42},"end":{"line":91,"column":73}},{"start":{"line":91,"column":77},"end":{"line":99,"column":9}}]},"10":{"line":102,"type":"binary-expr","locations":[{"start":{"line":102,"column":18},"end":{"line":102,"column":32}},{"start":{"line":103,"column":12},"end":{"line":103,"column":53}},{"start":{"line":104,"column":12},"end":{"line":104,"column":61}}]},"11":{"line":112,"type":"binary-expr","locations":[{"start":{"line":112,"column":45},"end":{"line":112,"column":79},"skip":true},{"start":{"line":112,"column":83},"end":{"line":121,"column":9},"skip":true}]},"12":{"line":123,"type":"binary-expr","locations":[{"start":{"line":123,"column":42},"end":{"line":123,"column":73},"skip":true},{"start":{"line":123,"column":77},"end":{"line":136,"column":9},"skip":true}]},"13":{"line":138,"type":"binary-expr","locations":[{"start":{"line":138,"column":48},"end":{"line":138,"column":85},"skip":true},{"start":{"line":139,"column":12},"end":{"line":145,"column":13},"skip":true}]},"14":{"line":147,"type":"binary-expr","locations":[{"start":{"line":147,"column":42},"end":{"line":147,"column":73},"skip":true},{"start":{"line":147,"column":77},"end":{"line":156,"column":9},"skip":true}]},"15":{"line":158,"type":"binary-expr","locations":[{"start":{"line":158,"column":45},"end":{"line":158,"column":79},"skip":true},{"start":{"line":158,"column":83},"end":{"line":167,"column":9},"skip":true}]},"16":{"line":169,"type":"binary-expr","locations":[{"start":{"line":169,"column":43},"end":{"line":169,"column":75},"skip":true},{"start":{"line":169,"column":79},"end":{"line":178,"column":9},"skip":true}]},"17":{"line":180,"type":"binary-expr","locations":[{"start":{"line":180,"column":41},"end":{"line":180,"column":71},"skip":true},{"start":{"line":180,"column":75},"end":{"line":189,"column":9},"skip":true}]}},"code":["/* istanbul instrument in package npmtest_grunt_git */","/*jslint","    bitwise: true,","    browser: true,","    maxerr: 8,","    maxlen: 96,","    node: true,","    nomen: true,","    regexp: true,","    stupid: true","*/","(function () {","    'use strict';","    var local;","","","","    // run shared js-env code - init-before","    (function () {","        // init local","        local = {};","        // init modeJs","        local.modeJs = (function () {","            try {","                return typeof navigator.userAgent === 'string' &&","                    typeof document.querySelector('body') === 'object' &&","                    typeof XMLHttpRequest.prototype.open === 'function' &&","                    'browser';","            } catch (errorCaughtBrowser) {","                return module.exports &&","                    typeof process.versions.node === 'string' &&","                    typeof require('http').createServer === 'function' &&","                    'node';","            }","        }());","        // init global","        local.global = local.modeJs === 'browser'","            ? window","            : global;","        switch (local.modeJs) {","        // re-init local from window.local","        case 'browser':","            local = local.global.utility2.objectSetDefault(","                local.global.utility2_rollup || local.global.local,","                local.global.utility2","            );","            break;","        // re-init local from example.js","        case 'node':","            local = (local.global.utility2_rollup || require('utility2'))","                .requireReadme();","            break;","        }","        // export local","        local.global.local = local;","    }());","","","","    // run shared js-env code - function","    (function () {","        return;","    }());","    switch (local.modeJs) {","","","","    // run browser js-env code - function","    case 'browser':","        break;","","","","    // run node js-env code - function","    case 'node':","        break;","    }","","","","    // run shared js-env code - init-after","    (function () {","        return;","    }());","    switch (local.modeJs) {","","","","    // run browser js-env code - init-after","    case 'browser':","        local.testCase_browser_nullCase = local.testCase_browser_nullCase || function (","            options,","            onError","        ) {","        /*","         * this function will test browsers's null-case handling-behavior-behavior","         */","            onError(null, options);","        };","","        // run tests","        local.nop(local.modeTest &&","            document.querySelector('#testRunButton1') &&","            document.querySelector('#testRunButton1').click());","        break;","","","","    // run node js-env code - init-after","    /* istanbul ignore next */","    case 'node':","        local.testCase_buildApidoc_default = local.testCase_buildApidoc_default || function (","            options,","            onError","        ) {","        /*","         * this function will test buildApidoc's default handling-behavior-behavior","         */","            options = { modulePathList: module.paths };","            local.buildApidoc(options, onError);","        };","","        local.testCase_buildApp_default = local.testCase_buildApp_default || function (","            options,","            onError","        ) {","        /*","         * this function will test buildApp's default handling-behavior-behavior","         */","            local.testCase_buildReadme_default(options, local.onErrorThrow);","            local.testCase_buildLib_default(options, local.onErrorThrow);","            local.testCase_buildTest_default(options, local.onErrorThrow);","            local.testCase_buildCustomOrg_default(options, local.onErrorThrow);","            options = [];","            local.buildApp(options, onError);","        };","","        local.testCase_buildCustomOrg_default = local.testCase_buildCustomOrg_default ||","            function (options, onError) {","            /*","             * this function will test buildCustomOrg's default handling-behavior","             */","                options = {};","                local.buildCustomOrg(options, onError);","            };","","        local.testCase_buildLib_default = local.testCase_buildLib_default || function (","            options,","            onError","        ) {","        /*","         * this function will test buildLib's default handling-behavior","         */","            options = {};","            local.buildLib(options, onError);","        };","","        local.testCase_buildReadme_default = local.testCase_buildReadme_default || function (","            options,","            onError","        ) {","        /*","         * this function will test buildReadme's default handling-behavior-behavior","         */","            options = {};","            local.buildReadme(options, onError);","        };","","        local.testCase_buildTest_default = local.testCase_buildTest_default || function (","            options,","            onError","        ) {","        /*","         * this function will test buildTest's default handling-behavior","         */","            options = {};","            local.buildTest(options, onError);","        };","","        local.testCase_webpage_default = local.testCase_webpage_default || function (","            options,","            onError","        ) {","        /*","         * this function will test webpage's default handling-behavior","         */","            options = { modeCoverageMerge: true, url: local.serverLocalHost + '?modeTest=1' };","            local.browserTest(options, onError);","        };","","        // run test-server","        local.testRunServer(local);","        break;","    }","}());",""],"l":{"12":2,"14":2,"19":2,"21":2,"23":2,"24":2,"25":2,"30":1,"37":2,"40":2,"43":1,"47":1,"50":1,"52":1,"55":2,"61":2,"62":2,"64":2,"70":1,"76":1,"82":2,"83":2,"85":2,"91":1,"98":1,"102":1,"105":1,"112":1,"119":1,"120":1,"123":1,"130":1,"131":1,"132":1,"133":1,"134":1,"135":1,"138":1,"143":2,"144":2,"147":1,"154":2,"155":2,"158":1,"165":2,"166":2,"169":1,"176":2,"177":2,"180":1,"187":1,"188":1,"192":1,"193":1}},"/home/travis/build/npmtest/node-npmtest-grunt-git/lib.npmtest_grunt_git.js":{"path":"/home/travis/build/npmtest/node-npmtest-grunt-git/lib.npmtest_grunt_git.js","s":{"1":2,"2":2,"3":2,"4":2,"5":2,"6":2,"7":2,"8":1,"9":2,"10":2,"11":2,"12":2,"13":1,"14":1,"15":1,"16":1},"b":{"1":[2,1,1,1],"2":[1,1,1,1],"3":[1,1],"4":[2,2],"5":[1,1]},"f":{"1":2,"2":2,"3":2},"fnMap":{"1":{"name":"(anonymous_1)","line":12,"loc":{"start":{"line":12,"column":1},"end":{"line":12,"column":13}}},"2":{"name":"(anonymous_2)","line":19,"loc":{"start":{"line":19,"column":5},"end":{"line":19,"column":17}}},"3":{"name":"(anonymous_3)","line":23,"loc":{"start":{"line":23,"column":24},"end":{"line":23,"column":36}}}},"statementMap":{"1":{"start":{"line":12,"column":0},"end":{"line":53,"column":5}},"2":{"start":{"line":14,"column":4},"end":{"line":14,"column":14}},"3":{"start":{"line":19,"column":4},"end":{"line":52,"column":9}},"4":{"start":{"line":21,"column":8},"end":{"line":21,"column":19}},"5":{"start":{"line":23,"column":8},"end":{"line":35,"column":13}},"6":{"start":{"line":24,"column":12},"end":{"line":34,"column":13}},"7":{"start":{"line":25,"column":16},"end":{"line":28,"column":30}},"8":{"start":{"line":30,"column":16},"end":{"line":33,"column":27}},"9":{"start":{"line":37,"column":8},"end":{"line":39,"column":21}},"10":{"start":{"line":41,"column":8},"end":{"line":41,"column":54}},"11":{"start":{"line":43,"column":8},"end":{"line":43,"column":54}},"12":{"start":{"line":45,"column":8},"end":{"line":51,"column":9}},"13":{"start":{"line":46,"column":12},"end":{"line":46,"column":60}},"14":{"start":{"line":48,"column":12},"end":{"line":48,"column":35}},"15":{"start":{"line":49,"column":12},"end":{"line":49,"column":49}},"16":{"start":{"line":50,"column":12},"end":{"line":50,"column":43}}},"branchMap":{"1":{"line":25,"type":"binary-expr","locations":[{"start":{"line":25,"column":23},"end":{"line":25,"column":62}},{"start":{"line":26,"column":20},"end":{"line":26,"column":70}},{"start":{"line":27,"column":20},"end":{"line":27,"column":71}},{"start":{"line":28,"column":20},"end":{"line":28,"column":29}}]},"2":{"line":30,"type":"binary-expr","locations":[{"start":{"line":30,"column":23},"end":{"line":30,"column":37}},{"start":{"line":31,"column":20},"end":{"line":31,"column":61}},{"start":{"line":32,"column":20},"end":{"line":32,"column":70}},{"start":{"line":33,"column":20},"end":{"line":33,"column":26}}]},"3":{"line":37,"type":"cond-expr","locations":[{"start":{"line":38,"column":14},"end":{"line":38,"column":20}},{"start":{"line":39,"column":14},"end":{"line":39,"column":20}}]},"4":{"line":41,"type":"binary-expr","locations":[{"start":{"line":41,"column":16},"end":{"line":41,"column":44}},{"start":{"line":41,"column":48},"end":{"line":41,"column":53}}]},"5":{"line":45,"type":"if","locations":[{"start":{"line":45,"column":8},"end":{"line":45,"column":8}},{"start":{"line":45,"column":8},"end":{"line":45,"column":8}}]}},"code":["/* istanbul instrument in package npmtest_grunt_git */","/*jslint","    bitwise: true,","    browser: true,","    maxerr: 8,","    maxlen: 96,","    node: true,","    nomen: true,","    regexp: true,","    stupid: true","*/","(function () {","    'use strict';","    var local;","","","","    // run shared js-env code - init-before","    (function () {","        // init local","        local = {};","        // init modeJs","        local.modeJs = (function () {","            try {","                return typeof navigator.userAgent === 'string' &&","                    typeof document.querySelector('body') === 'object' &&","                    typeof XMLHttpRequest.prototype.open === 'function' &&","                    'browser';","            } catch (errorCaughtBrowser) {","                return module.exports &&","                    typeof process.versions.node === 'string' &&","                    typeof require('http').createServer === 'function' &&","                    'node';","            }","        }());","        // init global","        local.global = local.modeJs === 'browser'","            ? window","            : global;","        // init utility2_rollup","        local = local.global.utility2_rollup || local;","        // init lib","        local.local = local.npmtest_grunt_git = local;","        // init exports","        if (local.modeJs === 'browser') {","            local.global.utility2_npmtest_grunt_git = local;","        } else {","            module.exports = local;","            module.exports.__dirname = __dirname;","            module.exports.module = module;","        }","    }());","}());",""],"l":{"12":2,"14":2,"19":2,"21":2,"23":2,"24":2,"25":2,"30":1,"37":2,"41":2,"43":2,"45":2,"46":1,"48":1,"49":1,"50":1}},"/home/travis/build/npmtest/node-npmtest-grunt-git/example.js":{"path":"/home/travis/build/npmtest/node-npmtest-grunt-git/example.js","s":{"1":2,"2":2,"3":2,"4":2,"5":2,"6":2,"7":2,"8":1,"9":2,"10":2,"11":2,"12":2,"13":1,"14":2,"15":2,"16":2,"17":2,"18":2,"19":0,"20":2,"21":1,"22":1,"23":1,"24":1,"25":1,"26":0,"27":0,"28":1,"29":1,"30":2,"31":0,"32":0,"33":0,"34":1,"35":2,"36":2,"37":3,"38":3,"39":3,"40":3,"41":0,"42":3,"43":3,"44":3,"45":1,"46":3,"47":1,"48":1,"49":1,"50":1,"51":1,"52":1,"53":1,"54":1,"55":1,"56":1,"57":0,"58":1,"59":6,"60":6,"61":1,"62":2,"63":0,"64":2,"65":1,"66":1,"67":0,"68":0,"69":0,"70":0,"71":0,"72":0,"73":0,"74":0,"75":0,"76":0,"77":0,"78":0,"79":0,"80":0,"81":0,"82":0,"83":0},"b":{"1":[2,1,1,1],"2":[1,1,1,1],"3":[1,1],"4":[2,2],"5":[1,1],"6":[1,1],"7":[2,0],"8":[2,1,1,1,1,1],"9":[0,2,0],"10":[1,1],"11":[2,1,1],"12":[1,0],"13":[0,2],"14":[2,0,0,0,0,0,0],"15":[0,3],"16":[3,0],"17":[1,1],"18":[0,1],"19":[1,2,0,2],"20":[1,0],"21":[1,1],"22":[0,0],"23":[0,0],"24":[0,0],"25":[0,0],"26":[0,0],"27":[0,0],"28":[0,0]},"f":{"1":2,"2":2,"3":2,"4":2,"5":2,"6":2,"7":3,"8":3,"9":3,"10":1,"11":6,"12":0},"fnMap":{"1":{"name":"(anonymous_1)","line":26,"loc":{"start":{"line":26,"column":1},"end":{"line":26,"column":13}}},"2":{"name":"(anonymous_2)","line":33,"loc":{"start":{"line":33,"column":5},"end":{"line":33,"column":17}}},"3":{"name":"(anonymous_3)","line":37,"loc":{"start":{"line":37,"column":24},"end":{"line":37,"column":36}}},"4":{"name":"(anonymous_4)","line":69,"loc":{"start":{"line":69,"column":31},"end":{"line":69,"column":48}},"skip":true},"5":{"name":"(anonymous_5)","line":78,"loc":{"start":{"line":78,"column":26},"end":{"line":78,"column":45}},"skip":true},"6":{"name":"(anonymous_6)","line":123,"loc":{"start":{"line":123,"column":33},"end":{"line":123,"column":48}},"skip":true},"7":{"name":"(anonymous_7)","line":125,"loc":{"start":{"line":125,"column":27},"end":{"line":125,"column":39}},"skip":true},"8":{"name":"(anonymous_8)","line":133,"loc":{"start":{"line":133,"column":59},"end":{"line":133,"column":74}},"skip":true},"9":{"name":"(anonymous_9)","line":143,"loc":{"start":{"line":143,"column":45},"end":{"line":143,"column":62}},"skip":true},"10":{"name":"(anonymous_10)","line":144,"loc":{"start":{"line":144,"column":73},"end":{"line":144,"column":92}},"skip":true},"11":{"name":"(anonymous_11)","line":272,"loc":{"start":{"line":272,"column":51},"end":{"line":272,"column":77}},"skip":true},"12":{"name":"(anonymous_12)","line":315,"loc":{"start":{"line":315,"column":32},"end":{"line":315,"column":61}},"skip":true}},"statementMap":{"1":{"start":{"line":26,"column":0},"end":{"line":326,"column":5}},"2":{"start":{"line":28,"column":4},"end":{"line":28,"column":14}},"3":{"start":{"line":33,"column":4},"end":{"line":60,"column":9}},"4":{"start":{"line":35,"column":8},"end":{"line":35,"column":19}},"5":{"start":{"line":37,"column":8},"end":{"line":49,"column":13}},"6":{"start":{"line":38,"column":12},"end":{"line":48,"column":13}},"7":{"start":{"line":39,"column":16},"end":{"line":42,"column":30}},"8":{"start":{"line":44,"column":16},"end":{"line":47,"column":27}},"9":{"start":{"line":51,"column":8},"end":{"line":53,"column":21}},"10":{"start":{"line":55,"column":8},"end":{"line":57,"column":45}},"11":{"start":{"line":59,"column":8},"end":{"line":59,"column":35}},"12":{"start":{"line":61,"column":4},"end":{"line":325,"column":5}},"13":{"start":{"line":69,"column":8},"end":{"line":121,"column":10},"skip":true},"14":{"start":{"line":70,"column":12},"end":{"line":88,"column":13},"skip":true},"15":{"start":{"line":76,"column":16},"end":{"line":87,"column":19},"skip":true},"16":{"start":{"line":79,"column":20},"end":{"line":86,"column":21},"skip":true},"17":{"start":{"line":82,"column":24},"end":{"line":82,"column":43},"skip":true},"18":{"start":{"line":83,"column":24},"end":{"line":83,"column":30},"skip":true},"19":{"start":{"line":85,"column":24},"end":{"line":85,"column":49},"skip":true},"20":{"start":{"line":89,"column":12},"end":{"line":107,"column":13},"skip":true},"21":{"start":{"line":92,"column":16},"end":{"line":102,"column":17},"skip":true},"22":{"start":{"line":93,"column":20},"end":{"line":93,"column":86},"skip":true},"23":{"start":{"line":94,"column":20},"end":{"line":95,"column":45},"skip":true},"24":{"start":{"line":96,"column":20},"end":{"line":96,"column":42},"skip":true},"25":{"start":{"line":97,"column":20},"end":{"line":97,"column":48},"skip":true},"26":{"start":{"line":100,"column":20},"end":{"line":100,"column":85},"skip":true},"27":{"start":{"line":101,"column":20},"end":{"line":101,"column":96},"skip":true},"28":{"start":{"line":103,"column":16},"end":{"line":103,"column":22},"skip":true},"29":{"start":{"line":106,"column":16},"end":{"line":106,"column":22},"skip":true},"30":{"start":{"line":108,"column":12},"end":{"line":120,"column":13},"skip":true},"31":{"start":{"line":114,"column":16},"end":{"line":119,"column":17},"skip":true},"32":{"start":{"line":116,"column":20},"end":{"line":116,"column":78},"skip":true},"33":{"start":{"line":118,"column":20},"end":{"line":118,"column":47},"skip":true},"34":{"start":{"line":123,"column":8},"end":{"line":141,"column":11},"skip":true},"35":{"start":{"line":124,"column":12},"end":{"line":124,"column":54},"skip":true},"36":{"start":{"line":125,"column":12},"end":{"line":140,"column":14},"skip":true},"37":{"start":{"line":126,"column":16},"end":{"line":126,"column":28},"skip":true},"38":{"start":{"line":127,"column":16},"end":{"line":127,"column":69},"skip":true},"39":{"start":{"line":128,"column":16},"end":{"line":128,"column":75},"skip":true},"40":{"start":{"line":129,"column":16},"end":{"line":131,"column":17},"skip":true},"41":{"start":{"line":130,"column":20},"end":{"line":130,"column":27},"skip":true},"42":{"start":{"line":133,"column":16},"end":{"line":137,"column":36},"skip":true},"43":{"start":{"line":134,"column":20},"end":{"line":136,"column":55},"skip":true},"44":{"start":{"line":139,"column":16},"end":{"line":139,"column":57},"skip":true},"45":{"start":{"line":143,"column":8},"end":{"line":147,"column":11},"skip":true},"46":{"start":{"line":144,"column":12},"end":{"line":146,"column":15},"skip":true},"47":{"start":{"line":145,"column":16},"end":{"line":145,"column":70},"skip":true},"48":{"start":{"line":149,"column":8},"end":{"line":149,"column":31},"skip":true},"49":{"start":{"line":150,"column":8},"end":{"line":150,"column":14},"skip":true},"50":{"start":{"line":158,"column":8},"end":{"line":158,"column":31},"skip":true},"51":{"start":{"line":160,"column":8},"end":{"line":160,"column":33},"skip":true},"52":{"start":{"line":161,"column":8},"end":{"line":161,"column":37},"skip":true},"53":{"start":{"line":162,"column":8},"end":{"line":162,"column":35},"skip":true},"54":{"start":{"line":164,"column":8},"end":{"line":164,"column":50},"skip":true},"55":{"start":{"line":166,"column":8},"end":{"line":256,"column":2},"skip":true},"56":{"start":{"line":258,"column":8},"end":{"line":286,"column":9},"skip":true},"57":{"start":{"line":259,"column":12},"end":{"line":269,"column":14},"skip":true},"58":{"start":{"line":271,"column":12},"end":{"line":285,"column":19},"skip":true},"59":{"start":{"line":274,"column":20},"end":{"line":274,"column":35},"skip":true},"60":{"start":{"line":275,"column":20},"end":{"line":284,"column":21},"skip":true},"61":{"start":{"line":277,"column":24},"end":{"line":277,"column":64},"skip":true},"62":{"start":{"line":279,"column":24},"end":{"line":279,"column":40},"skip":true},"63":{"start":{"line":281,"column":24},"end":{"line":281,"column":40},"skip":true},"64":{"start":{"line":283,"column":24},"end":{"line":283,"column":39},"skip":true},"65":{"start":{"line":288,"column":8},"end":{"line":290,"column":9},"skip":true},"66":{"start":{"line":289,"column":12},"end":{"line":289,"column":18},"skip":true},"67":{"start":{"line":291,"column":8},"end":{"line":293,"column":54},"skip":true},"68":{"start":{"line":296,"column":8},"end":{"line":301,"column":37},"skip":true},"69":{"start":{"line":303,"column":8},"end":{"line":303,"column":82},"skip":true},"70":{"start":{"line":306,"column":8},"end":{"line":308,"column":9},"skip":true},"71":{"start":{"line":307,"column":12},"end":{"line":307,"column":82},"skip":true},"72":{"start":{"line":310,"column":8},"end":{"line":312,"column":9},"skip":true},"73":{"start":{"line":311,"column":12},"end":{"line":311,"column":18},"skip":true},"74":{"start":{"line":313,"column":8},"end":{"line":313,"column":54},"skip":true},"75":{"start":{"line":314,"column":8},"end":{"line":314,"column":69},"skip":true},"76":{"start":{"line":315,"column":8},"end":{"line":323,"column":36},"skip":true},"77":{"start":{"line":316,"column":12},"end":{"line":316,"column":61},"skip":true},"78":{"start":{"line":317,"column":12},"end":{"line":320,"column":13},"skip":true},"79":{"start":{"line":318,"column":16},"end":{"line":318,"column":75},"skip":true},"80":{"start":{"line":319,"column":16},"end":{"line":319,"column":23},"skip":true},"81":{"start":{"line":321,"column":12},"end":{"line":321,"column":38},"skip":true},"82":{"start":{"line":322,"column":12},"end":{"line":322,"column":27},"skip":true},"83":{"start":{"line":324,"column":8},"end":{"line":324,"column":14},"skip":true}},"branchMap":{"1":{"line":39,"type":"binary-expr","locations":[{"start":{"line":39,"column":23},"end":{"line":39,"column":62}},{"start":{"line":40,"column":20},"end":{"line":40,"column":70}},{"start":{"line":41,"column":20},"end":{"line":41,"column":71}},{"start":{"line":42,"column":20},"end":{"line":42,"column":29}}]},"2":{"line":44,"type":"binary-expr","locations":[{"start":{"line":44,"column":23},"end":{"line":44,"column":37}},{"start":{"line":45,"column":20},"end":{"line":45,"column":61}},{"start":{"line":46,"column":20},"end":{"line":46,"column":70}},{"start":{"line":47,"column":20},"end":{"line":47,"column":26}}]},"3":{"line":51,"type":"cond-expr","locations":[{"start":{"line":52,"column":14},"end":{"line":52,"column":20}},{"start":{"line":53,"column":14},"end":{"line":53,"column":20}}]},"4":{"line":55,"type":"binary-expr","locations":[{"start":{"line":55,"column":16},"end":{"line":55,"column":44}},{"start":{"line":55,"column":49},"end":{"line":57,"column":43}}]},"5":{"line":55,"type":"cond-expr","locations":[{"start":{"line":56,"column":14},"end":{"line":56,"column":53}},{"start":{"line":57,"column":14},"end":{"line":57,"column":43}}]},"6":{"line":61,"type":"switch","locations":[{"start":{"line":68,"column":4},"end":{"line":150,"column":14},"skip":true},{"start":{"line":156,"column":4},"end":{"line":324,"column":14},"skip":true}]},"7":{"line":70,"type":"if","locations":[{"start":{"line":70,"column":12},"end":{"line":70,"column":12},"skip":true},{"start":{"line":70,"column":12},"end":{"line":70,"column":12},"skip":true}]},"8":{"line":70,"type":"binary-expr","locations":[{"start":{"line":70,"column":16},"end":{"line":70,"column":22},"skip":true},{"start":{"line":70,"column":27},"end":{"line":70,"column":32},"skip":true},{"start":{"line":71,"column":20},"end":{"line":71,"column":39},"skip":true},{"start":{"line":72,"column":20},"end":{"line":72,"column":49},"skip":true},{"start":{"line":73,"column":20},"end":{"line":73,"column":58},"skip":true},{"start":{"line":74,"column":20},"end":{"line":74,"column":69},"skip":true}]},"9":{"line":79,"type":"switch","locations":[{"start":{"line":80,"column":20},"end":{"line":80,"column":33},"skip":true},{"start":{"line":81,"column":20},"end":{"line":83,"column":30},"skip":true},{"start":{"line":84,"column":20},"end":{"line":85,"column":49},"skip":true}]},"10":{"line":89,"type":"switch","locations":[{"start":{"line":90,"column":12},"end":{"line":103,"column":22},"skip":true},{"start":{"line":105,"column":12},"end":{"line":106,"column":22},"skip":true}]},"11":{"line":89,"type":"binary-expr","locations":[{"start":{"line":89,"column":20},"end":{"line":89,"column":25},"skip":true},{"start":{"line":89,"column":29},"end":{"line":89,"column":48},"skip":true},{"start":{"line":89,"column":52},"end":{"line":89,"column":74},"skip":true}]},"12":{"line":92,"type":"if","locations":[{"start":{"line":92,"column":16},"end":{"line":92,"column":16},"skip":true},{"start":{"line":92,"column":16},"end":{"line":92,"column":16},"skip":true}]},"13":{"line":108,"type":"if","locations":[{"start":{"line":108,"column":12},"end":{"line":108,"column":12},"skip":true},{"start":{"line":108,"column":12},"end":{"line":108,"column":12},"skip":true}]},"14":{"line":108,"type":"binary-expr","locations":[{"start":{"line":108,"column":16},"end":{"line":108,"column":61},"skip":true},{"start":{"line":108,"column":66},"end":{"line":108,"column":72},"skip":true},{"start":{"line":108,"column":77},"end":{"line":108,"column":82},"skip":true},{"start":{"line":109,"column":20},"end":{"line":109,"column":39},"skip":true},{"start":{"line":110,"column":20},"end":{"line":110,"column":49},"skip":true},{"start":{"line":111,"column":20},"end":{"line":111,"column":58},"skip":true},{"start":{"line":112,"column":20},"end":{"line":112,"column":68},"skip":true}]},"15":{"line":129,"type":"if","locations":[{"start":{"line":129,"column":16},"end":{"line":129,"column":16},"skip":true},{"start":{"line":129,"column":16},"end":{"line":129,"column":16},"skip":true}]},"16":{"line":134,"type":"cond-expr","locations":[{"start":{"line":135,"column":26},"end":{"line":135,"column":29},"skip":true},{"start":{"line":136,"column":26},"end":{"line":136,"column":54},"skip":true}]},"17":{"line":164,"type":"binary-expr","locations":[{"start":{"line":164,"column":27},"end":{"line":164,"column":43},"skip":true},{"start":{"line":164,"column":47},"end":{"line":164,"column":49},"skip":true}]},"18":{"line":258,"type":"if","locations":[{"start":{"line":258,"column":8},"end":{"line":258,"column":8},"skip":true},{"start":{"line":258,"column":8},"end":{"line":258,"column":8},"skip":true}]},"19":{"line":275,"type":"switch","locations":[{"start":{"line":276,"column":20},"end":{"line":277,"column":64},"skip":true},{"start":{"line":278,"column":20},"end":{"line":279,"column":40},"skip":true},{"start":{"line":280,"column":20},"end":{"line":281,"column":40},"skip":true},{"start":{"line":282,"column":20},"end":{"line":283,"column":39},"skip":true}]},"20":{"line":288,"type":"if","locations":[{"start":{"line":288,"column":8},"end":{"line":288,"column":8},"skip":true},{"start":{"line":288,"column":8},"end":{"line":288,"column":8},"skip":true}]},"21":{"line":288,"type":"binary-expr","locations":[{"start":{"line":288,"column":12},"end":{"line":288,"column":40},"skip":true},{"start":{"line":288,"column":44},"end":{"line":288,"column":67},"skip":true}]},"22":{"line":292,"type":"binary-expr","locations":[{"start":{"line":292,"column":12},"end":{"line":292,"column":50},"skip":true},{"start":{"line":293,"column":12},"end":{"line":293,"column":53},"skip":true}]},"23":{"line":297,"type":"binary-expr","locations":[{"start":{"line":297,"column":12},"end":{"line":297,"column":67},"skip":true},{"start":{"line":298,"column":12},"end":{"line":301,"column":36},"skip":true}]},"24":{"line":303,"type":"binary-expr","locations":[{"start":{"line":303,"column":43},"end":{"line":303,"column":75},"skip":true},{"start":{"line":303,"column":79},"end":{"line":303,"column":81},"skip":true}]},"25":{"line":306,"type":"if","locations":[{"start":{"line":306,"column":8},"end":{"line":306,"column":8},"skip":true},{"start":{"line":306,"column":8},"end":{"line":306,"column":8},"skip":true}]},"26":{"line":310,"type":"if","locations":[{"start":{"line":310,"column":8},"end":{"line":310,"column":8},"skip":true},{"start":{"line":310,"column":8},"end":{"line":310,"column":8},"skip":true}]},"27":{"line":313,"type":"binary-expr","locations":[{"start":{"line":313,"column":27},"end":{"line":313,"column":43},"skip":true},{"start":{"line":313,"column":47},"end":{"line":313,"column":53},"skip":true}]},"28":{"line":317,"type":"if","locations":[{"start":{"line":317,"column":12},"end":{"line":317,"column":12},"skip":true},{"start":{"line":317,"column":12},"end":{"line":317,"column":12},"skip":true}]}},"code":["/*","example.js","","quickstart example","","instruction","    1. save this script as example.js","    2. run the shell command:","        $ npm install npmtest-grunt-git && PORT=8081 node example.js","    3. play with the browser-demo on http://127.0.0.1:8081","*/","","","","/* istanbul instrument in package npmtest_grunt_git */","/*jslint","    bitwise: true,","    browser: true,","    maxerr: 8,","    maxlen: 96,","    node: true,","    nomen: true,","    regexp: true,","    stupid: true","*/","(function () {","    'use strict';","    var local;","","","","    // run shared js-env code - init-before","    (function () {","        // init local","        local = {};","        // init modeJs","        local.modeJs = (function () {","            try {","                return typeof navigator.userAgent === 'string' &&","                    typeof document.querySelector('body') === 'object' &&","                    typeof XMLHttpRequest.prototype.open === 'function' &&","                    'browser';","            } catch (errorCaughtBrowser) {","                return module.exports &&","                    typeof process.versions.node === 'string' &&","                    typeof require('http').createServer === 'function' &&","                    'node';","            }","        }());","        // init global","        local.global = local.modeJs === 'browser'","            ? window","            : global;","        // init utility2_rollup","        local = local.global.utility2_rollup || (local.modeJs === 'browser'","            ? local.global.utility2_npmtest_grunt_git","            : global.utility2_moduleExports);","        // export local","        local.global.local = local;","    }());","    switch (local.modeJs) {","","","","    // init-after","    // run browser js-env code - init-after","    /* istanbul ignore next */","    case 'browser':","        local.testRunBrowser = function (event) {","            if (!event || (event &&","                    event.currentTarget &&","                    event.currentTarget.className &&","                    event.currentTarget.className.includes &&","                    event.currentTarget.className.includes('onreset'))) {","                // reset output","                Array.from(","                    document.querySelectorAll('body > .resettable')","                ).forEach(function (element) {","                    switch (element.tagName) {","                    case 'INPUT':","                    case 'TEXTAREA':","                        element.value = '';","                        break;","                    default:","                        element.textContent = '';","                    }","                });","            }","            switch (event && event.currentTarget && event.currentTarget.id) {","            case 'testRunButton1':","                // show tests","                if (document.querySelector('#testReportDiv1').style.display === 'none') {","                    document.querySelector('#testReportDiv1').style.display = 'block';","                    document.querySelector('#testRunButton1').textContent =","                        'hide internal test';","                    local.modeTest = true;","                    local.testRunDefault(local);","                // hide tests","                } else {","                    document.querySelector('#testReportDiv1').style.display = 'none';","                    document.querySelector('#testRunButton1').textContent = 'run internal test';","                }","                break;","            // custom-case","            default:","                break;","            }","            if (document.querySelector('#inputTextareaEval1') && (!event || (event &&","                    event.currentTarget &&","                    event.currentTarget.className &&","                    event.currentTarget.className.includes &&","                    event.currentTarget.className.includes('oneval')))) {","                // try to eval input-code","                try {","                    /*jslint evil: true*/","                    eval(document.querySelector('#inputTextareaEval1').value);","                } catch (errorCaught) {","                    console.error(errorCaught);","                }","            }","        };","        // log stderr and stdout to #outputTextareaStdout1","        ['error', 'log'].forEach(function (key) {","            console[key + '_original'] = console[key];","            console[key] = function () {","                var element;","                console[key + '_original'].apply(console, arguments);","                element = document.querySelector('#outputTextareaStdout1');","                if (!element) {","                    return;","                }","                // append text to #outputTextareaStdout1","                element.value += Array.from(arguments).map(function (arg) {","                    return typeof arg === 'string'","                        ? arg","                        : JSON.stringify(arg, null, 4);","                }).join(' ') + '\\n';","                // scroll textarea to bottom","                element.scrollTop = element.scrollHeight;","            };","        });","        // init event-handling","        ['change', 'click', 'keyup'].forEach(function (event) {","            Array.from(document.querySelectorAll('.on' + event)).forEach(function (element) {","                element.addEventListener(event, local.testRunBrowser);","            });","        });","        // run tests","        local.testRunBrowser();","        break;","","","","    // run node js-env code - init-after","    /* istanbul ignore next */","    case 'node':","        // export local","        module.exports = local;","        // require modules","        local.fs = require('fs');","        local.http = require('http');","        local.url = require('url');","        // init assets","        local.assetsDict = local.assetsDict || {};","        /* jslint-ignore-begin */","        local.assetsDict['/assets.index.template.html'] = '\\","<!doctype html>\\n\\","<html lang=\"en\">\\n\\","<head>\\n\\","<meta charset=\"UTF-8\">\\n\\","<meta name=\"viewport\" content=\"width=device-width, initial-scale=1\">\\n\\","<title>{{env.npm_package_name}} (v{{env.npm_package_version}})</title>\\n\\","<style>\\n\\","/*csslint\\n\\","    box-sizing: false,\\n\\","    universal-selector: false\\n\\","*/\\n\\","* {\\n\\","    box-sizing: border-box;\\n\\","}\\n\\","body {\\n\\","    background: #dde;\\n\\","    font-family: Arial, Helvetica, sans-serif;\\n\\","    margin: 2rem;\\n\\","}\\n\\","body > * {\\n\\","    margin-bottom: 1rem;\\n\\","}\\n\\",".utility2FooterDiv {\\n\\","    margin-top: 20px;\\n\\","    text-align: center;\\n\\","}\\n\\","</style>\\n\\","<style>\\n\\","/*csslint\\n\\","*/\\n\\","textarea {\\n\\","    font-family: monospace;\\n\\","    height: 10rem;\\n\\","    width: 100%;\\n\\","}\\n\\","textarea[readonly] {\\n\\","    background: #ddd;\\n\\","}\\n\\","</style>\\n\\","</head>\\n\\","<body>\\n\\","<!-- utility2-comment\\n\\","<div id=\"ajaxProgressDiv1\" style=\"background: #d00; height: 2px; left: 0; margin: 0; padding: 0; position: fixed; top: 0; transition: background 0.5s, width 1.5s; width: 25%;\"></div>\\n\\","utility2-comment -->\\n\\","<h1>\\n\\","<!-- utility2-comment\\n\\","    <a\\n\\","        {{#if env.npm_package_homepage}}\\n\\","        href=\"{{env.npm_package_homepage}}\"\\n\\","        {{/if env.npm_package_homepage}}\\n\\","        target=\"_blank\"\\n\\","    >\\n\\","utility2-comment -->\\n\\","        {{env.npm_package_name}} (v{{env.npm_package_version}})\\n\\","<!-- utility2-comment\\n\\","    </a>\\n\\","utility2-comment -->\\n\\","</h1>\\n\\","<h3>{{env.npm_package_description}}</h3>\\n\\","<!-- utility2-comment\\n\\","<h4><a download href=\"assets.app.js\">download standalone app</a></h4>\\n\\","<button class=\"onclick onreset\" id=\"testRunButton1\">run internal test</button><br>\\n\\","<div id=\"testReportDiv1\" style=\"display: none;\"></div>\\n\\","utility2-comment -->\\n\\","\\n\\","\\n\\","\\n\\","<label>stderr and stdout</label>\\n\\","<textarea class=\"resettable\" id=\"outputTextareaStdout1\" readonly></textarea>\\n\\","<!-- utility2-comment\\n\\","{{#if isRollup}}\\n\\","<script src=\"assets.app.js\"></script>\\n\\","{{#unless isRollup}}\\n\\","utility2-comment -->\\n\\","<script src=\"assets.utility2.rollup.js\"></script>\\n\\","<script src=\"jsonp.utility2._stateInit?callback=window.utility2._stateInit\"></script>\\n\\","<script src=\"assets.npmtest_grunt_git.rollup.js\"></script>\\n\\","<script src=\"assets.example.js\"></script>\\n\\","<script src=\"assets.test.js\"></script>\\n\\","<!-- utility2-comment\\n\\","{{/if isRollup}}\\n\\","utility2-comment -->\\n\\","<div class=\"utility2FooterDiv\">\\n\\","    [ this app was created with\\n\\","    <a href=\"https://github.com/kaizhu256/node-utility2\" target=\"_blank\">utility2</a>\\n\\","    ]\\n\\","</div>\\n\\","</body>\\n\\","</html>\\n\\","';","        /* jslint-ignore-end */","        if (local.templateRender) {","            local.assetsDict['/'] = local.templateRender(","                local.assetsDict['/assets.index.template.html'],","                {","                    env: local.objectSetDefault(local.env, {","                        npm_package_description: 'the greatest app in the world!',","                        npm_package_name: 'my-app',","                        npm_package_nameAlias: 'my_app',","                        npm_package_version: '0.0.1'","                    })","                }","            );","        } else {","            local.assetsDict['/'] = local.assetsDict['/assets.index.template.html']","                .replace((/\\{\\{env\\.(\\w+?)\\}\\}/g), function (match0, match1) {","                    // jslint-hack","                    String(match0);","                    switch (match1) {","                    case 'npm_package_description':","                        return 'the greatest app in the world!';","                    case 'npm_package_name':","                        return 'my-app';","                    case 'npm_package_nameAlias':","                        return 'my_app';","                    case 'npm_package_version':","                        return '0.0.1';","                    }","                });","        }","        // run the cli","        if (local.global.utility2_rollup || module !== require.main) {","            break;","        }","        local.assetsDict['/assets.example.js'] =","            local.assetsDict['/assets.example.js'] ||","            local.fs.readFileSync(__filename, 'utf8');","        // bug-workaround - long $npm_package_buildCustomOrg","        /* jslint-ignore-begin */","        local.assetsDict['/assets.npmtest_grunt_git.rollup.js'] =","            local.assetsDict['/assets.npmtest_grunt_git.rollup.js'] ||","            local.fs.readFileSync(","                local.npmtest_grunt_git.__dirname + '/lib.npmtest_grunt_git.js',","                'utf8'","            ).replace((/^#!/), '//');","        /* jslint-ignore-end */","        local.assetsDict['/favicon.ico'] = local.assetsDict['/favicon.ico'] || '';","        // if $npm_config_timeout_exit exists,","        // then exit this process after $npm_config_timeout_exit ms","        if (Number(process.env.npm_config_timeout_exit)) {","            setTimeout(process.exit, Number(process.env.npm_config_timeout_exit));","        }","        // start server","        if (local.global.utility2_serverHttp1) {","            break;","        }","        process.env.PORT = process.env.PORT || '8081';","        console.error('server starting on port ' + process.env.PORT);","        local.http.createServer(function (request, response) {","            request.urlParsed = local.url.parse(request.url);","            if (local.assetsDict[request.urlParsed.pathname] !== undefined) {","                response.end(local.assetsDict[request.urlParsed.pathname]);","                return;","            }","            response.statusCode = 404;","            response.end();","        }).listen(process.env.PORT);","        break;","    }","}());",""],"l":{"26":2,"28":2,"33":2,"35":2,"37":2,"38":2,"39":2,"44":1,"51":2,"55":2,"59":2,"61":2,"69":1,"70":2,"76":2,"79":2,"82":2,"83":2,"85":1,"89":2,"92":1,"93":1,"94":1,"96":1,"97":1,"100":1,"101":1,"103":1,"106":1,"108":2,"114":1,"116":1,"118":1,"123":1,"124":2,"125":2,"126":3,"127":3,"128":3,"129":3,"130":1,"133":3,"134":3,"139":3,"143":1,"144":3,"145":1,"149":1,"150":1,"158":1,"160":1,"161":1,"162":1,"164":1,"166":1,"258":1,"259":1,"271":1,"274":6,"275":6,"277":1,"279":2,"281":1,"283":2,"288":1,"289":1,"291":1,"296":1,"303":1,"306":1,"307":1,"310":1,"311":1,"313":1,"314":1,"315":1,"316":1,"317":1,"318":1,"319":1,"321":1,"322":1,"324":1}},"/home/travis/build/npmtest/node-npmtest-grunt-git/node_modules/grunt-git/Gruntfile.js":{"path":"/home/travis/build/npmtest/node-npmtest-grunt-git/node_modules/grunt-git/Gruntfile.js","s":{"1":1,"2":0,"3":0,"4":0,"5":0,"6":0,"7":0,"8":0,"9":0,"10":0,"11":0},"b":{},"f":{"1":0},"fnMap":{"1":{"name":"(anonymous_1)","line":11,"loc":{"start":{"line":11,"column":17},"end":{"line":11,"column":34}}}},"statementMap":{"1":{"start":{"line":11,"column":0},"end":{"line":96,"column":2}},"2":{"start":{"line":14,"column":4},"end":{"line":76,"column":7}},"3":{"start":{"line":79,"column":4},"end":{"line":79,"column":29}},"4":{"start":{"line":82,"column":4},"end":{"line":82,"column":47}},"5":{"start":{"line":83,"column":4},"end":{"line":83,"column":46}},"6":{"start":{"line":84,"column":4},"end":{"line":84,"column":46}},"7":{"start":{"line":85,"column":4},"end":{"line":85,"column":37}},"8":{"start":{"line":86,"column":4},"end":{"line":86,"column":42}},"9":{"start":{"line":87,"column":4},"end":{"line":87,"column":37}},"10":{"start":{"line":91,"column":4},"end":{"line":91,"column":72}},"11":{"start":{"line":94,"column":4},"end":{"line":94,"column":44}}},"branchMap":{},"code":["/*"," * grunt-git"," * https://github.com/rubenv/grunt-git"," *"," * Copyright (c) 2013 Ruben Vermeersch"," * Licensed under the MIT license."," */","","'use strict';","","module.exports = function (grunt) {","","    // Project configuration.","    grunt.initConfig({","        watch: {","            dev: {","                files: ['tasks/*.js', 'lib/*.js', 'test/*.js'],","                tasks: ['jshint', 'test']","            }","        },","","        jshint: {","            all: [","                'Gruntfile.js',","                'tasks/*.js',","                'lib/*.js',","                'test/*.js',","                'test/fixtures/*.js'","            ],","            options: {","                jshintrc: '.jshintrc',","            },","        },","","        jscs: {","            src: {","                options: {","                    config: '.jscs.json'","                },","                files: {","                    src: [","                        'Gruntfile.js',","                        'tasks/*.js',","                        'lib/*.js',","                        'test/*.js',","                        'test/fixtures/*.js'","                    ],","                }","            },","        },","","        mochacli: {","            options: {","                files: 'test/*_test.js'","            },","            spec: {","                options: {","                    reporter: 'spec',","                    timeout: 10000","                }","            }","        },","","        bump: {","            options: {","                files: ['package.json'],","                commitFiles: ['-a'],","                pushTo: 'origin'","            }","        },","","        // Before generating any new files, remove any previously-created files.","        clean: {","            tests: ['tmp'],","        },","    });","","    // Actually load this plugin's task(s).","    grunt.loadTasks('tasks');","","    // These plugins provide necessary tasks.","    grunt.loadNpmTasks('grunt-contrib-jshint');","    grunt.loadNpmTasks('grunt-contrib-clean');","    grunt.loadNpmTasks('grunt-contrib-watch');","    grunt.loadNpmTasks('grunt-jscs');","    grunt.loadNpmTasks('grunt-mocha-cli');","    grunt.loadNpmTasks('grunt-bump');","","    // Whenever the \"test\" task is run, first clean the \"tmp\" dir, then run this","    // plugin's task(s), then test the result.","    grunt.registerTask('test', ['jshint', 'jscs', 'clean', 'mochacli']);","","    // By default, lint and run all tests.","    grunt.registerTask('default', ['test']);","","};",""],"l":{"11":1,"14":0,"79":0,"82":0,"83":0,"84":0,"85":0,"86":0,"87":0,"91":0,"94":0}},"/home/travis/build/npmtest/node-npmtest-grunt-git/node_modules/grunt-git/lib/command_add.js":{"path":"/home/travis/build/npmtest/node-npmtest-grunt-git/node_modules/grunt-git/lib/command_add.js","s":{"1":1,"2":1,"3":1,"4":1,"5":0,"6":0,"7":0,"8":0,"9":0,"10":0,"11":0,"12":0,"13":1},"b":{},"f":{"1":0,"2":0},"fnMap":{"1":{"name":"(anonymous_1)","line":7,"loc":{"start":{"line":7,"column":17},"end":{"line":7,"column":45}}},"2":{"name":"(anonymous_2)","line":26,"loc":{"start":{"line":26,"column":23},"end":{"line":26,"column":40}}}},"statementMap":{"1":{"start":{"line":3,"column":0},"end":{"line":3,"column":40}},"2":{"start":{"line":4,"column":0},"end":{"line":4,"column":29}},"3":{"start":{"line":5,"column":0},"end":{"line":5,"column":34}},"4":{"start":{"line":7,"column":0},"end":{"line":35,"column":2}},"5":{"start":{"line":8,"column":4},"end":{"line":21,"column":7}},"6":{"start":{"line":23,"column":4},"end":{"line":23,"column":34}},"7":{"start":{"line":24,"column":4},"end":{"line":24,"column":53}},"8":{"start":{"line":26,"column":4},"end":{"line":30,"column":7}},"9":{"start":{"line":27,"column":8},"end":{"line":29,"column":9}},"10":{"start":{"line":28,"column":12},"end":{"line":28,"column":36}},"11":{"start":{"line":32,"column":4},"end":{"line":32,"column":20}},"12":{"start":{"line":34,"column":4},"end":{"line":34,"column":27}},"13":{"start":{"line":37,"column":0},"end":{"line":37,"column":63}}},"branchMap":{},"code":["'use strict';","","var async = require('grunt').util.async;","var grunt = require('grunt');","var ArgUtil = require('flopmang');","","module.exports = function (task, exec, done) {","    var argUtil = new ArgUtil(task, [","        {","            option: 'all',","            defaultValue: false,","            useAsFlag: true,","            useValue: false","        },","        {","            option: 'force',","            defaultValue: false,","            useAsFlag: true,","            useValue: false","        }","    ]);","","    var options = argUtil.options;","    var args = ['add'].concat(argUtil.getArgFlags());","","    task.files.forEach(function (files) {","        for (var i = 0; i < files.src.length; i++) {","            args.push(files.src[i]);","        }","    });","","    args.push(done);","","    exec.apply(this, args);","};","","module.exports.description = 'Add file contents to the index.';",""],"l":{"3":1,"4":1,"5":1,"7":1,"8":0,"23":0,"24":0,"26":0,"27":0,"28":0,"32":0,"34":0,"37":1}},"/home/travis/build/npmtest/node-npmtest-grunt-git/node_modules/grunt-git/lib/command_apply.js":{"path":"/home/travis/build/npmtest/node-npmtest-grunt-git/node_modules/grunt-git/lib/command_apply.js","s":{"1":1,"2":1,"3":1,"4":1,"5":0,"6":0,"7":0,"8":1,"9":0,"10":0,"11":0,"12":0,"13":0,"14":0,"15":0,"16":0,"17":0,"18":1},"b":{"1":[0,0],"2":[0,0]},"f":{"1":0,"2":0},"fnMap":{"1":{"name":"(anonymous_1)","line":7,"loc":{"start":{"line":7,"column":17},"end":{"line":7,"column":45}}},"2":{"name":"handleResult","line":191,"loc":{"start":{"line":191,"column":4},"end":{"line":191,"column":39}}}},"statementMap":{"1":{"start":{"line":3,"column":0},"end":{"line":3,"column":40}},"2":{"start":{"line":4,"column":0},"end":{"line":4,"column":29}},"3":{"start":{"line":5,"column":0},"end":{"line":5,"column":34}},"4":{"start":{"line":7,"column":0},"end":{"line":208,"column":2}},"5":{"start":{"line":8,"column":4},"end":{"line":10,"column":7}},"6":{"start":{"line":12,"column":4},"end":{"line":187,"column":7}},"7":{"start":{"line":189,"column":4},"end":{"line":189,"column":55}},"8":{"start":{"line":191,"column":4},"end":{"line":203,"column":5}},"9":{"start":{"line":192,"column":8},"end":{"line":192,"column":17}},"10":{"start":{"line":194,"column":8},"end":{"line":197,"column":9}},"11":{"start":{"line":195,"column":12},"end":{"line":195,"column":56}},"12":{"start":{"line":196,"column":12},"end":{"line":196,"column":19}},"13":{"start":{"line":199,"column":8},"end":{"line":201,"column":9}},"14":{"start":{"line":200,"column":12},"end":{"line":200,"column":44}},"15":{"start":{"line":202,"column":8},"end":{"line":202,"column":15}},"16":{"start":{"line":205,"column":4},"end":{"line":205,"column":28}},"17":{"start":{"line":207,"column":4},"end":{"line":207,"column":27}},"18":{"start":{"line":210,"column":0},"end":{"line":210,"column":62}}},"branchMap":{"1":{"line":194,"type":"if","locations":[{"start":{"line":194,"column":8},"end":{"line":194,"column":8}},{"start":{"line":194,"column":8},"end":{"line":194,"column":8}}]},"2":{"line":199,"type":"if","locations":[{"start":{"line":199,"column":8},"end":{"line":199,"column":8}},{"start":{"line":199,"column":8},"end":{"line":199,"column":8}}]}},"code":["'use strict';","","var async = require('grunt').util.async;","var grunt = require('grunt');","var ArgUtil = require('flopmang');","","module.exports = function (task, exec, done) {","    var options = task.options({","        prop: 'gitapply.' + task.target + '.result'","    });","","    var argUtil = new ArgUtil(task, [","            {","                option: 'stat',","                defaultValue: false,","                useAsFlag: true,","                useValue: false,","                flag: '--stat'","            },","            {","                option: 'numstat',","                defaultValue: false,","                useAsFlag: true,","                useValue: false,","                flag: '--numstat'","            },","            {","                option: 'summary',","                defaultValue: false,","                useAsFlag: true,","                useValue: false,","                flag: '--summary'","            },","            {","                option: 'check',","                defaultValue: false,","                useAsFlag: true,","                useValue: false,","                flag: '--check'","            },","            {","                option: 'index',","                defaultValue: false,","                useAsFlag: true,","                useValue: false,","                flag: '--index'","            },","            {","                option: 'cached',","                defaultValue: false,","                useAsFlag: true,","                useValue: false,","                flag: '--cached'","            },","            {","                option: 'threeway',","                defaultValue: false,","                useAsFlag: true,","                useValue: false,","                flag: '-3'","            },","            {","                option: 'recount',","                defaultValue: false,","                useAsFlag: true,","                useValue: false,","                flag: '--recount'","            },","            {","                option: 'reject',","                defaultValue: false,","                useAsFlag: true,","                useValue: false,","                flag: '--reject'","            },","            {","                option: 'reverse',","                defaultValue: false,","                useAsFlag: true,","                useValue: false,","                flag: '--reverse'","            },","            {","                option: 'numStatKeepPathNames',","                defaultValue: false,","                useAsFlag: true,","                useValue: false,","                flag: '-z'","            },","            {","                option: 'removeLeadingSlashes',","                defaultValue: null,","                useAsFlag: true,","                useValue: true,","                flag: '-p'","            },","            {","                option: 'ensureContextMatch',","                defaultValue: null,","                useAsFlag: true,","                useValue: true,","                flag: '-C'","            },","            {","                option: 'unidiffZero',","                defaultValue: false,","                useAsFlag: true,","                useValue: false,","                flag: '--unidiff-zero'","            },","            {","                option: 'noAdd',","                defaultValue: false,","                useAsFlag: true,","                useValue: false,","                flag: '--no-add'","            },","            {","                option: 'exclude',","                defaultValue: null,","                useAsFlag: true,","                useValue: true,","                flag: '--exclude'","            },","            {","                option: 'include',","                defaultValue: null,","                useAsFlag: true,","                useValue: true,","                flag: '--include'","            },","            {","                option: 'ignoreSpaceChange',","                defaultValue: false,","                useAsFlag: true,","                useValue: false,","                flag: '--ignore-space-change'","            },","            {","                option: 'ignoreWhitespace',","                defaultValue: false,","                useAsFlag: true,","                useValue: false,","                flag: '--ignore-whitespace'","            },","            {","                option: 'inaccurateEOF',","                defaultValue: false,","                useAsFlag: true,","                useValue: false,","                flag: '--inaccurate-eof'","            },","            {","                option: 'whitespace',","                defaultValue: null,","                useAsFlag: true,","                useValue: true,","                flag: '--whitespace'","            },","            {","                option: 'directory',","                defaultValue: null,","                useAsFlag: true,","                useValue: true,","                flag: '--directory'","            },","            {","                option: 'unsafePaths',","                defaultValue: false,","                useAsFlag: true,","                useValue: false,","                flag: '--unsafe-paths'","            },","            {","                option: 'apply',","                defaultValue: false,","                useAsFlag: true,","                useValue: false,","                flag: '--apply'","            },","            {","                option: 'patchFiles',","                defaultValue: null,","                useAsFlag: false,","                useValue: true","            }","    ]);","","    var args = ['apply'].concat(argUtil.getArgFlags());","","    function handleResult(err, result) {","        var logs;","","        if (err) {","            grunt.fail.fatal('Error running git apply');","            return;","        }","","        if (typeof options.callback === 'function') {","            options.callback(result.stdout);","        }","        done();","    }","","    args.push(handleResult);","","    exec.apply(null, args);","};","","module.exports.description = 'Apply a git patch to your cwd.';",""],"l":{"3":1,"4":1,"5":1,"7":1,"8":0,"12":0,"189":0,"191":1,"192":0,"194":0,"195":0,"196":0,"199":0,"200":0,"202":0,"205":0,"207":0,"210":1}},"/home/travis/build/npmtest/node-npmtest-grunt-git/node_modules/grunt-git/lib/command_checkout.js":{"path":"/home/travis/build/npmtest/node-npmtest-grunt-git/node_modules/grunt-git/lib/command_checkout.js","s":{"1":1,"2":1,"3":1,"4":1,"5":0,"6":0,"7":0,"8":0,"9":1},"b":{},"f":{"1":0},"fnMap":{"1":{"name":"(anonymous_1)","line":7,"loc":{"start":{"line":7,"column":17},"end":{"line":7,"column":45}}}},"statementMap":{"1":{"start":{"line":3,"column":0},"end":{"line":3,"column":40}},"2":{"start":{"line":4,"column":0},"end":{"line":4,"column":29}},"3":{"start":{"line":5,"column":0},"end":{"line":5,"column":34}},"4":{"start":{"line":7,"column":0},"end":{"line":45,"column":2}},"5":{"start":{"line":8,"column":4},"end":{"line":37,"column":7}},"6":{"start":{"line":39,"column":4},"end":{"line":39,"column":58}},"7":{"start":{"line":42,"column":4},"end":{"line":42,"column":20}},"8":{"start":{"line":44,"column":4},"end":{"line":44,"column":27}},"9":{"start":{"line":47,"column":0},"end":{"line":47,"column":54}}},"branchMap":{},"code":["'use strict';","","var async = require('grunt').util.async;","var grunt = require('grunt');","var ArgUtil = require('flopmang');","","module.exports = function (task, exec, done) {","    var argUtil = new ArgUtil(task, [","        {","            option: 'create',","            defaultValue: false,","            useAsFlag: true,","            useValue: false,","            flag: '-b'","        },","        {","            option: 'overwrite',","            defaultValue: false,","            useAsFlag: true,","            useValue: false,","            flag: '-B'","        },","        {","            option: 'branch',","            defaultValue: undefined,","            useAsFlag: false,","            useValue: true,","            required: true","        },","        {","            option: 'force',","            defaultValue: false,","            useAsFlag: true,","            useValue: false,","            flag: '-f'","        }","    ]);","","    var args = ['checkout'].concat(argUtil.getArgFlags());","","    // Add callback","    args.push(done);","","    exec.apply(this, args);","};","","module.exports.description = 'Checkout a git branch.';","",""],"l":{"3":1,"4":1,"5":1,"7":1,"8":0,"39":0,"42":0,"44":0,"47":1}},"/home/travis/build/npmtest/node-npmtest-grunt-git/node_modules/grunt-git/lib/command_clean.js":{"path":"/home/travis/build/npmtest/node-npmtest-grunt-git/node_modules/grunt-git/lib/command_clean.js","s":{"1":1,"2":1,"3":1,"4":1,"5":0,"6":0,"7":0,"8":0,"9":0,"10":0,"11":0,"12":1},"b":{},"f":{"1":0,"2":0},"fnMap":{"1":{"name":"(anonymous_1)","line":7,"loc":{"start":{"line":7,"column":17},"end":{"line":7,"column":45}}},"2":{"name":"(anonymous_2)","line":63,"loc":{"start":{"line":63,"column":23},"end":{"line":63,"column":40}}}},"statementMap":{"1":{"start":{"line":3,"column":0},"end":{"line":3,"column":40}},"2":{"start":{"line":4,"column":0},"end":{"line":4,"column":29}},"3":{"start":{"line":5,"column":0},"end":{"line":5,"column":34}},"4":{"start":{"line":7,"column":0},"end":{"line":73,"column":2}},"5":{"start":{"line":8,"column":4},"end":{"line":58,"column":7}},"6":{"start":{"line":60,"column":4},"end":{"line":60,"column":55}},"7":{"start":{"line":63,"column":4},"end":{"line":67,"column":7}},"8":{"start":{"line":64,"column":8},"end":{"line":66,"column":9}},"9":{"start":{"line":65,"column":12},"end":{"line":65,"column":36}},"10":{"start":{"line":70,"column":4},"end":{"line":70,"column":20}},"11":{"start":{"line":72,"column":4},"end":{"line":72,"column":27}},"12":{"start":{"line":75,"column":0},"end":{"line":75,"column":77}}},"branchMap":{},"code":["'use strict';","","var async = require('grunt').util.async;","var grunt = require('grunt');","var ArgUtil = require('flopmang');","","module.exports = function (task, exec, done) {","    var argUtil = new ArgUtil(task, [","        {","            option: 'force',","            defaultValue: true,","            useAsFlag: true,","            useValue: false,","            flag: '-f'","        },","        {","            option: 'dry',","            defaultValue: false,","            useAsFlag: true,","            useValue: false,","            flag: '-n'","        },","        {","            option: 'quiet',","            defaultValue: false,","            useAsFlag: true,","            useValue: false,","            flag: '-q'","        },","        {","            option: 'exclude',","            defaultValue: false,","            useAsFlag: true,","            useValue: true,","            flag: '-e'","        },","        {","            option: 'onlyignoredfiles',","            defaultValue: false,","            useAsFlag: true,","            useValue: false,","            flag: '-X'","        },","        {","            option: 'nonstandard',","            defaultValue: false,","            useAsFlag: true,","            useValue: false,","            flag: '-x'","        },","        {","            option: 'directories',","            defaultValue: false,","            useAsFlag: true,","            useValue: false,","            flag: '-d'","        },","    ]);","","    var args = ['clean'].concat(argUtil.getArgFlags());","","    // Add the file paths to the arguments.","    task.files.forEach(function (files) {","        for (var i = 0; i < files.src.length; i++) {","            args.push(files.src[i]);","        }","    });","","    // Add callback","    args.push(done);","","    exec.apply(this, args);","};","","module.exports.description = 'Remove untracked files from the working tree.';",""],"l":{"3":1,"4":1,"5":1,"7":1,"8":0,"60":0,"63":0,"64":0,"65":0,"70":0,"72":0,"75":1}},"/home/travis/build/npmtest/node-npmtest-grunt-git/node_modules/grunt-git/lib/command_clone.js":{"path":"/home/travis/build/npmtest/node-npmtest-grunt-git/node_modules/grunt-git/lib/command_clone.js","s":{"1":1,"2":1,"3":1,"4":1,"5":0,"6":0,"7":0,"8":0,"9":1},"b":{},"f":{"1":0},"fnMap":{"1":{"name":"(anonymous_1)","line":7,"loc":{"start":{"line":7,"column":17},"end":{"line":7,"column":45}}}},"statementMap":{"1":{"start":{"line":3,"column":0},"end":{"line":3,"column":40}},"2":{"start":{"line":4,"column":0},"end":{"line":4,"column":29}},"3":{"start":{"line":5,"column":0},"end":{"line":5,"column":34}},"4":{"start":{"line":7,"column":0},"end":{"line":54,"column":2}},"5":{"start":{"line":8,"column":4},"end":{"line":46,"column":7}},"6":{"start":{"line":48,"column":4},"end":{"line":48,"column":55}},"7":{"start":{"line":51,"column":4},"end":{"line":51,"column":20}},"8":{"start":{"line":53,"column":4},"end":{"line":53,"column":27}},"9":{"start":{"line":56,"column":0},"end":{"line":56,"column":51}}},"branchMap":{},"code":["'use strict';","","var async = require('grunt').util.async;","var grunt = require('grunt');","var ArgUtil = require('flopmang');","","module.exports = function (task, exec, done) {","    var argUtil = new ArgUtil(task, [","        {","            option: 'bare',","            defaultValue: false,","            useAsFlag: true,","            useValue: false","        },","        {","            option: 'recursive',","            defaultValue: false,","            useAsFlag: true,","            useValue: false","        },","        {","            option: 'branch',","            defaultValue: false,","            useAsFlag: true,","            useValue: true","        },","        {","            option: 'depth',","            defaultValue: null,","            useAsFlag: true,","            useValue: true","        },","        {","            option: 'repository',","            defaultValue: null,","            useAsFlag: false,","            useValue: true,","            required: true","        },","        {","            option: 'directory',","            defaultValue: null,","            useAsFlag: false,","            useValue: true","        }","    ]);","","    var args = ['clone'].concat(argUtil.getArgFlags());","","    // Add callback","    args.push(done);","","    exec.apply(this, args);","};","","module.exports.description = 'Clone repositories.';",""],"l":{"3":1,"4":1,"5":1,"7":1,"8":0,"48":0,"51":0,"53":0,"56":1}},"/home/travis/build/npmtest/node-npmtest-grunt-git/node_modules/grunt-git/lib/command_commit.js":{"path":"/home/travis/build/npmtest/node-npmtest-grunt-git/node_modules/grunt-git/lib/command_commit.js","s":{"1":1,"2":1,"3":1,"4":1,"5":0,"6":0,"7":0,"8":0,"9":0,"10":0,"11":0,"12":0,"13":1},"b":{},"f":{"1":0,"2":0},"fnMap":{"1":{"name":"(anonymous_1)","line":7,"loc":{"start":{"line":7,"column":17},"end":{"line":7,"column":45}}},"2":{"name":"(anonymous_2)","line":46,"loc":{"start":{"line":46,"column":23},"end":{"line":46,"column":40}}}},"statementMap":{"1":{"start":{"line":3,"column":0},"end":{"line":3,"column":40}},"2":{"start":{"line":4,"column":0},"end":{"line":4,"column":29}},"3":{"start":{"line":5,"column":0},"end":{"line":5,"column":34}},"4":{"start":{"line":7,"column":0},"end":{"line":55,"column":2}},"5":{"start":{"line":8,"column":4},"end":{"line":41,"column":7}},"6":{"start":{"line":43,"column":4},"end":{"line":43,"column":34}},"7":{"start":{"line":44,"column":4},"end":{"line":44,"column":56}},"8":{"start":{"line":46,"column":4},"end":{"line":50,"column":7}},"9":{"start":{"line":47,"column":8},"end":{"line":49,"column":9}},"10":{"start":{"line":48,"column":12},"end":{"line":48,"column":36}},"11":{"start":{"line":52,"column":4},"end":{"line":52,"column":20}},"12":{"start":{"line":54,"column":4},"end":{"line":54,"column":27}},"13":{"start":{"line":57,"column":0},"end":{"line":57,"column":56}}},"branchMap":{},"code":["'use strict';","","var async = require('grunt').util.async;","var grunt = require('grunt');","var ArgUtil = require('flopmang');","","module.exports = function (task, exec, done) {","    var argUtil = new ArgUtil(task, [","        {","            option: 'message',","            defaultValue: 'Commit',","            useAsFlag: true,","            useValue: true,","            flag: '-m'","        },","        {","            option: 'description',","            defaultValue: false,","            useAsFlag: true,","            useValue: true,","            flag: '-m'","        },","        {","            option: 'allowEmpty',","            defaultValue: false,","            useAsFlag: true,","            useValue: false","        },","        {","            option: 'noVerify',","            defaultValue: false,","            useAsFlag: true,","            useValue: false","        },","        {","            option: 'noStatus',","            defaultValue: false,","            useAsFlag: true,","            useValue: false","        }","    ]);","","    var options = argUtil.options;","    var args = ['commit'].concat(argUtil.getArgFlags());","","    task.files.forEach(function (files) {","        for (var i = 0; i < files.src.length; i++) {","            args.push(files.src[i]);","        }","    });","","    args.push(done);","","    exec.apply(this, args);","};","","module.exports.description = 'Commit a git repository.';",""],"l":{"3":1,"4":1,"5":1,"7":1,"8":0,"43":0,"44":0,"46":0,"47":0,"48":0,"52":0,"54":0,"57":1}},"/home/travis/build/npmtest/node-npmtest-grunt-git/node_modules/grunt-git/lib/command_diff.js":{"path":"/home/travis/build/npmtest/node-npmtest-grunt-git/node_modules/grunt-git/lib/command_diff.js","s":{"1":1,"2":1,"3":0,"4":0,"5":0,"6":0,"7":1},"b":{},"f":{"1":0},"fnMap":{"1":{"name":"(anonymous_1)","line":5,"loc":{"start":{"line":5,"column":17},"end":{"line":5,"column":45}}}},"statementMap":{"1":{"start":{"line":3,"column":0},"end":{"line":3,"column":34}},"2":{"start":{"line":5,"column":0},"end":{"line":29,"column":2}},"3":{"start":{"line":6,"column":4},"end":{"line":21,"column":7}},"4":{"start":{"line":23,"column":4},"end":{"line":23,"column":54}},"5":{"start":{"line":26,"column":4},"end":{"line":26,"column":20}},"6":{"start":{"line":28,"column":4},"end":{"line":28,"column":27}},"7":{"start":{"line":31,"column":0},"end":{"line":31,"column":47}}},"branchMap":{},"code":["'use strict';","","var ArgUtil = require('flopmang');","","module.exports = function (task, exec, done) {","    var argUtil = new ArgUtil(task, [","        {","            option: 'exitCode',","            defaultValue: false,","            useAsFlag: true,","            useValue: false,","            flag: '--exit-code'","        },","        {","            option: 'cached',","            defaultValue: false,","            useAsFlag: true,","            useValue: false,","            flag: '--cached'","        }","    ]);","","    var args = ['diff'].concat(argUtil.getArgFlags());","","    // Add callback","    args.push(done);","","    exec.apply(this, args);","};","","module.exports.description = 'Run a git diff.';",""],"l":{"3":1,"5":1,"6":0,"23":0,"26":0,"28":0,"31":1}},"/home/travis/build/npmtest/node-npmtest-grunt-git/node_modules/grunt-git/lib/command_fetch.js":{"path":"/home/travis/build/npmtest/node-npmtest-grunt-git/node_modules/grunt-git/lib/command_fetch.js","s":{"1":1,"2":1,"3":1,"4":0,"5":0,"6":0,"7":0,"8":1},"b":{},"f":{"1":0},"fnMap":{"1":{"name":"(anonymous_1)","line":6,"loc":{"start":{"line":6,"column":17},"end":{"line":6,"column":45}}}},"statementMap":{"1":{"start":{"line":3,"column":0},"end":{"line":3,"column":29}},"2":{"start":{"line":4,"column":0},"end":{"line":4,"column":34}},"3":{"start":{"line":6,"column":0},"end":{"line":38,"column":2}},"4":{"start":{"line":7,"column":4},"end":{"line":30,"column":7}},"5":{"start":{"line":32,"column":4},"end":{"line":32,"column":55}},"6":{"start":{"line":35,"column":4},"end":{"line":35,"column":20}},"7":{"start":{"line":37,"column":4},"end":{"line":37,"column":27}},"8":{"start":{"line":40,"column":0},"end":{"line":40,"column":70}}},"branchMap":{},"code":["'use strict';","","var grunt = require('grunt');","var ArgUtil = require('flopmang');","","module.exports = function (task, exec, done) {","    var argUtil = new ArgUtil(task, [","        {","            option: 'repository',","            defaultValue: null,","            useAsFlag: false,","            useValue: true","        },","        {","            option: 'all'","        },","        {","            option: 'append'","        },","        {","            option: 'prune'","        },","        {","            option: 'notags',","            flag: '--no-tags'","        },","        {","            option: 'tags'","        }","    ]);","","    var args = ['fetch'].concat(argUtil.getArgFlags());","","    // Add callback","    args.push(done);","","    exec.apply(this, args);","};","","module.exports.description = 'Download objects and refs from a repo.';","",""],"l":{"3":1,"4":1,"6":1,"7":0,"32":0,"35":0,"37":0,"40":1}},"/home/travis/build/npmtest/node-npmtest-grunt-git/node_modules/grunt-git/lib/command_merge.js":{"path":"/home/travis/build/npmtest/node-npmtest-grunt-git/node_modules/grunt-git/lib/command_merge.js","s":{"1":1,"2":1,"3":1,"4":0,"5":0,"6":0,"7":0,"8":0,"9":0,"10":0,"11":1},"b":{"1":[0,0]},"f":{"1":0,"2":0
[...]
:"parseLogs","line":29,"loc":{"start":{"line":29,"column":0},"end":{"line":29,"column":24}}},"3":{"name":"argToISOString","line":34,"loc":{"start":{"line":34,"column":0},"end":{"line":34,"column":29}}},"4":{"name":"(anonymous_4)","line":38,"loc":{"start":{"line":38,"column":17},"end":{"line":38,"column":45}}},"5":{"name":"(anonymous_5)","line":49,"loc":{"start":{"line":49,"column":27},"end":{"line":49,"column":42}}},"6":{"name":"(anonymous_6)","line":95,"loc":{"start":{"line":95,"column":27},"end":{"line":95,"column":42}}},"7":{"name":"(anonymous_7)","line":108,"loc":{"start":{"line":108,"column":26},"end":{"line":108,"column":41}}},"8":{"name":"handleResult","line":119,"loc":{"start":{"line":119,"column":4},"end":{"line":119,"column":39}}}},"statementMap":{"1":{"start":{"line":3,"column":0},"end":{"line":3,"column":29}},"2":{"start":{"line":4,"column":0},"end":{"line":4,"column":34}},"3":{"start":{"line":6,"column":0},"end":{"line":6,"column":45}},"4":{"start":{"line":7,"column":0},"end":{"line":18,"column":14}},"5":{"start":{"line":20,"column":0},"end":{"line":27,"column":1}},"6":{"start":{"line":21,"column":4},"end":{"line":26,"column":5}},"7":{"start":{"line":22,"column":8},"end":{"line":22,"column":31}},"8":{"start":{"line":24,"column":8},"end":{"line":24,"column":74}},"9":{"start":{"line":25,"column":8},"end":{"line":25,"column":18}},"10":{"start":{"line":29,"column":0},"end":{"line":32,"column":1}},"11":{"start":{"line":30,"column":4},"end":{"line":30,"column":36}},"12":{"start":{"line":31,"column":4},"end":{"line":31,"column":43}},"13":{"start":{"line":34,"column":0},"end":{"line":36,"column":1}},"14":{"start":{"line":35,"column":4},"end":{"line":35,"column":66}},"15":{"start":{"line":38,"column":0},"end":{"line":142,"column":2}},"16":{"start":{"line":39,"column":4},"end":{"line":41,"column":7}},"17":{"start":{"line":43,"column":4},"end":{"line":115,"column":6}},"18":{"start":{"line":50,"column":16},"end":{"line":52,"column":17}},"19":{"start":{"line":51,"column":20},"end":{"line":51,"column":63}},"20":{"start":{"line":53,"column":16},"end":{"line":53,"column":28}},"21":{"start":{"line":96,"column":16},"end":{"line":100,"column":17}},"22":{"start":{"line":97,"column":20},"end":{"line":97,"column":69}},"23":{"start":{"line":99,"column":20},"end":{"line":99,"column":32}},"24":{"start":{"line":109,"column":16},"end":{"line":111,"column":17}},"25":{"start":{"line":110,"column":20},"end":{"line":110,"column":42}},"26":{"start":{"line":112,"column":16},"end":{"line":112,"column":28}},"27":{"start":{"line":117,"column":4},"end":{"line":117,"column":48}},"28":{"start":{"line":119,"column":4},"end":{"line":137,"column":5}},"29":{"start":{"line":120,"column":8},"end":{"line":120,"column":17}},"30":{"start":{"line":122,"column":8},"end":{"line":125,"column":9}},"31":{"start":{"line":123,"column":12},"end":{"line":123,"column":54}},"32":{"start":{"line":124,"column":12},"end":{"line":124,"column":19}},"33":{"start":{"line":127,"column":8},"end":{"line":127,"column":40}},"34":{"start":{"line":129,"column":8},"end":{"line":131,"column":9}},"35":{"start":{"line":130,"column":12},"end":{"line":130,"column":49}},"36":{"start":{"line":133,"column":8},"end":{"line":135,"column":9}},"37":{"start":{"line":134,"column":12},"end":{"line":134,"column":35}},"38":{"start":{"line":136,"column":8},"end":{"line":136,"column":15}},"39":{"start":{"line":139,"column":4},"end":{"line":139,"column":53}},"40":{"start":{"line":140,"column":4},"end":{"line":140,"column":28}},"41":{"start":{"line":141,"column":4},"end":{"line":141,"column":27}},"42":{"start":{"line":144,"column":0},"end":{"line":144,"column":71}},"43":{"start":{"line":147,"column":0},"end":{"line":147,"column":31}}},"branchMap":{"1":{"line":35,"type":"cond-expr","locations":[{"start":{"line":35,"column":25},"end":{"line":35,"column":58}},{"start":{"line":35,"column":61},"end":{"line":35,"column":65}}]},"2":{"line":50,"type":"if","locations":[{"start":{"line":50,"column":16},"end":{"line":50,"column":16}},{"start":{"line":50,"column":16},"end":{"line":50,"column":16}}]},"3":{"line":96,"type":"if","locations":[{"start":{"line":96,"column":16},"end":{"line":96,"column":16}},{"start":{"line":96,"column":16},"end":{"line":96,"column":16}}]},"4":{"line":97,"type":"binary-expr","locations":[{"start":{"line":97,"column":47},"end":{"line":97,"column":57}},{"start":{"line":97,"column":61},"end":{"line":97,"column":67}}]},"5":{"line":109,"type":"if","locations":[{"start":{"line":109,"column":16},"end":{"line":109,"column":16}},{"start":{"line":109,"column":16},"end":{"line":109,"column":16}}]},"6":{"line":109,"type":"binary-expr","locations":[{"start":{"line":109,"column":20},"end":{"line":109,"column":29}},{"start":{"line":109,"column":33},"end":{"line":109,"column":47}},{"start":{"line":109,"column":51},"end":{"line":109,"column":64}}]},"7":{"line":122,"type":"if","locations":[{"start":{"line":122,"column":8},"end":{"line":122,"column":8}},{"start":{"line":122,"column":8},"end":{"line":122,"column":8}}]},"8":{"line":129,"type":"if","locations":[{"start":{"line":129,"column":8},"end":{"line":129,"column":8}},{"start":{"line":129,"column":8},"end":{"line":129,"column":8}}]},"9":{"line":133,"type":"if","locations":[{"start":{"line":133,"column":8},"end":{"line":133,"column":8}},{"start":{"line":133,"column":8},"end":{"line":133,"column":8}}]}},"code":["'use strict';","","var grunt = require('grunt');","var ArgUtil = require('flopmang');","","var SEPARATOR = '--grunt-gitlog-separator--';","var FORMAT =","    '{%n' +","    '  \"hash\": \"%H\",%n' + // commit hash","    '  \"author\": {%n' +","    '    \"name\": \"%an\",%n' + // author","    '    \"email\": \"%ae\"%n' + // email","    '  },%n' +","    '  \"date\": \"%aD\",%n' + // date","    '  \"subject\": \"%s\",%n' + // subject","    '  \"body\": \"%b\"%n' + // body","    '}%n' +","    SEPARATOR; // separator","","function parseLog(log) {","    try {","        return JSON.parse(log);","    } catch (e) {","        grunt.fail.warn('Log failed to match exepected pattern:\\n' + log);","        return {};","    }","}","","function parseLogs(str) {","    var logs = str.split(SEPARATOR);","    return logs.slice(0, -1).map(parseLog);","}","","function argToISOString(arg) {","    return !!arg.value ? new Date(arg.value).toISOString() : null;","}","","module.exports = function (task, exec, done) {","    var options = task.options({","        prop: 'gitlog.' + task.target + '.result'","    });","","    var argConfigs = [","        {","            option: 'pretty',","            useAsFlag: false,","            useValue: true,","            defaultValue: 'format:' + FORMAT,","            customValueFn: function (arg) {","                if (arg.value) {","                    return '--' + arg.option + '=' + arg.value;","                }","                return null;","            }","        },","        {","            option: 'noWalk',","            useAsFlag: true,","            defaultValue: false,","            useValue: false","        },","        {","            option: 'tags',","            useAsFlag: true,","            defaultValue: false,","            useValue: false","        },","        {","            option: 'noMerges',","            useAsFlag: true,","            defaultValue: true,","            useValue: false","        },","        {","            option: 'number',","            flag: '-n',","            useAsFlag: true,","            useValue: true","        },","        {","            option: 'before',","            useAsFlag: true,","            defaultValue: false,","            customValueFn: argToISOString","        },","        {","            option: 'after',","            useAsFlag: true,","            defaultValue: false,","            customValueFn: argToISOString","        },","        {","            option: 'from',","            useAsFlag: false,","            customValueFn: function (arg) {","                if (arg.value) {","                    return arg.value + '..' + (options.to || 'HEAD');","                } else {","                    return null;","                }","            }","        },","        {","            option: 'dateOrder',","            useAsFlag: true,","            useValue: false,","            defaultValue: false,","            customFlagFn: function (arg) {","                if (arg.value || options.before || options.after) {","                    return '--date-order';","                }","                return null;","            }","        }","    ];","","    var argUtil = new ArgUtil(task, argConfigs);","","    function handleResult(err, result) {","        var logs;","","        if (err) {","            grunt.fail.fatal('Error running git log');","            return;","        }","","        logs = parseLogs(result.stdout);","","        if (options.prop) {","            grunt.config.set(options.prop, logs);","        }","","        if (typeof options.callback === 'function') {","            options.callback(logs);","        }","        done();","    }","","    var args = ['log'].concat(argUtil.getArgFlags());","    args.push(handleResult);","    exec.apply(null, args);","};","","module.exports.description = 'Read commit logs from a git repository.';","","// exposed for tests","module.exports.format = FORMAT;",""],"l":{"3":1,"4":1,"6":1,"7":1,"20":1,"21":0,"22":0,"24":0,"25":0,"29":1,"30":0,"31":0,"34":1,"35":0,"38":1,"39":0,"43":0,"50":0,"51":0,"53":0,"96":0,"97":0,"99":0,"109":0,"110":0,"112":0,"117":0,"119":1,"120":0,"122":0,"123":0,"124":0,"127":0,"129":0,"130":0,"133":0,"134":0,"136":0,"139":0,"140":0,"141":0,"144":1,"147":1}},"/home/travis/build/npmtest/node-npmtest-grunt-git/node_modules/grunt-git/lib/command_stash.js":{"path":"/home/travis/build/npmtest/node-npmtest-grunt-git/node_modules/grunt-git/lib/command_stash.js","s":{"1":1,"2":1,"3":1,"4":1,"5":0,"6":0,"7":0,"8":0,"9":0,"10":0,"11":0,"12":1},"b":{"1":[0,0]},"f":{"1":0,"2":0},"fnMap":{"1":{"name":"(anonymous_1)","line":7,"loc":{"start":{"line":7,"column":17},"end":{"line":7,"column":45}}},"2":{"name":"(anonymous_2)","line":20,"loc":{"start":{"line":20,"column":27},"end":{"line":20,"column":42}}}},"statementMap":{"1":{"start":{"line":3,"column":0},"end":{"line":3,"column":40}},"2":{"start":{"line":4,"column":0},"end":{"line":4,"column":29}},"3":{"start":{"line":5,"column":0},"end":{"line":5,"column":34}},"4":{"start":{"line":7,"column":0},"end":{"line":42,"column":2}},"5":{"start":{"line":8,"column":4},"end":{"line":34,"column":7}},"6":{"start":{"line":21,"column":16},"end":{"line":23,"column":17}},"7":{"start":{"line":22,"column":20},"end":{"line":22,"column":57}},"8":{"start":{"line":24,"column":16},"end":{"line":24,"column":28}},"9":{"start":{"line":36,"column":4},"end":{"line":36,"column":55}},"10":{"start":{"line":39,"column":4},"end":{"line":39,"column":20}},"11":{"start":{"line":41,"column":4},"end":{"line":41,"column":27}},"12":{"start":{"line":44,"column":0},"end":{"line":44,"column":61}}},"branchMap":{"1":{"line":21,"type":"if","locations":[{"start":{"line":21,"column":16},"end":{"line":21,"column":16}},{"start":{"line":21,"column":16},"end":{"line":21,"column":16}}]}},"code":["'use strict';","","var async = require('grunt').util.async;","var grunt = require('grunt');","var ArgUtil = require('flopmang');","","module.exports = function (task, exec, done) {","    var argUtil = new ArgUtil(task, [","        {","            option: 'command',","            defaultValue: 'save',","            useAsFlag: false,","            useValue: true","        },","        {","            option: 'stash',","            defaultValue: null,","            useAsFlag: false,","            useValue: true,","            customValueFn: function (arg) {","                if (arg.value) {","                    return ['stash@{' + arg.value + '}'];","                }","                return null;","            }","        },","        {","            option: 'staged',","            defaultValue: false,","            useAsFlag: true,","            useValue: false,","            flag: '--index'","        }","    ]);","","    var args = ['stash'].concat(argUtil.getArgFlags());","","    // Add callback","    args.push(done);","","    exec.apply(this, args);","};","","module.exports.description = 'Stash and apply code changes.';",""],"l":{"3":1,"4":1,"5":1,"7":1,"8":0,"21":0,"22":0,"24":0,"36":0,"39":0,"41":0,"44":1}},"/home/travis/build/npmtest/node-npmtest-grunt-git/node_modules/grunt-git/lib/command_tag.js":{"path":"/home/travis/build/npmtest/node-npmtest-grunt-git/node_modules/grunt-git/lib/command_tag.js","s":{"1":1,"2":1,"3":1,"4":1,"5":0,"6":0,"7":0,"8":0,"9":1},"b":{},"f":{"1":0},"fnMap":{"1":{"name":"(anonymous_1)","line":7,"loc":{"start":{"line":7,"column":17},"end":{"line":7,"column":45}}}},"statementMap":{"1":{"start":{"line":3,"column":0},"end":{"line":3,"column":40}},"2":{"start":{"line":4,"column":0},"end":{"line":4,"column":29}},"3":{"start":{"line":5,"column":0},"end":{"line":5,"column":34}},"4":{"start":{"line":7,"column":0},"end":{"line":51,"column":2}},"5":{"start":{"line":8,"column":4},"end":{"line":43,"column":7}},"6":{"start":{"line":45,"column":4},"end":{"line":45,"column":53}},"7":{"start":{"line":48,"column":4},"end":{"line":48,"column":20}},"8":{"start":{"line":50,"column":4},"end":{"line":50,"column":27}},"9":{"start":{"line":53,"column":0},"end":{"line":53,"column":49}}},"branchMap":{},"code":["'use strict';","","var async = require('grunt').util.async;","var grunt = require('grunt');","var ArgUtil = require('flopmang');","","module.exports = function (task, exec, done) {","    var argUtil = new ArgUtil(task, [","        {","            option: 'remove',","            defaultValue: false,","            useAsFlag: true,","            useValue: false,","            flag: '-d'","        },","        {","            option: 'message',","            defaultValue: '',","            useAsFlag: true,","            useValue: true,","            flag: '-m'","        },","        {","            option: 'annotated',","            defaultValue: false,","            useAsFlag: true,","            useValue: false,","            flag: '-a'","        },","        {","            option: 'force',","            defaultValue: false,","            useAsFlag: true,","            useValue: false","        },","        {","            option: 'tag',","            defaultValue: null,","            useAsFlag: false,","            useValue: true,","            required: true","        }","    ]);","","    var args = ['tag'].concat(argUtil.getArgFlags());","","    // Add callback","    args.push(done);","","    exec.apply(this, args);","};","","module.exports.description = 'Create a git tag.';","",""],"l":{"3":1,"4":1,"5":1,"7":1,"8":0,"45":0,"48":0,"50":0,"53":1}},"/home/travis/build/npmtest/node-npmtest-grunt-git/node_modules/grunt-git/tasks/git.js":{"path":"/home/travis/build/npmtest/node-npmtest-grunt-git/node_modules/grunt-git/tasks/git.js","s":{"1":1,"2":1,"3":1,"4":0,"5":0,"6":1,"7":0,"8":0,"9":0,"10":0,"11":0,"12":0,"13":0,"14":0,"15":0,"16":0,"17":0,"18":0,"19":0,"20":0,"21":0,"22":0,"23":0},"b":{"1":[0,0],"2":[0,0],"3":[0,0],"4":[0,0]},"f":{"1":0,"2":0,"3":0,"4":0,"5":0},"fnMap":{"1":{"name":"(anonymous_1)","line":13,"loc":{"start":{"line":13,"column":17},"end":{"line":13,"column":34}}},"2":{"name":"wrapCommand","line":15,"loc":{"start":{"line":15,"column":4},"end":{"line":15,"column":29}}},"3":{"name":"(anonymous_3)","line":16,"loc":{"start":{"line":16,"column":15},"end":{"line":16,"column":27}}},"4":{"name":"exec","line":19,"loc":{"start":{"line":19,"column":12},"end":{"line":19,"column":28}}},"5":{"name":"(anonymous_5)","line":42,"loc":{"start":{"line":42,"column":19},"end":{"line":42,"column":31}}}},"statementMap":{"1":{"start":{"line":11,"column":0},"end":{"line":11,"column":42}},"2":{"start":{"line":13,"column":0},"end":{"line":56,"column":2}},"3":{"start":{"line":15,"column":4},"end":{"line":50,"column":5}},"4":{"start":{"line":16,"column":8},"end":{"line":49,"column":10}},"5":{"start":{"line":17,"column":12},"end":{"line":17,"column":28}},"6":{"start":{"line":19,"column":12},"end":{"line":45,"column":13}},"7":{"start":{"line":20,"column":16},"end":{"line":20,"column":65}},"8":{"start":{"line":21,"column":16},"end":{"line":21,"column":42}},"9":{"start":{"line":22,"column":16},"end":{"line":24,"column":19}},"10":{"start":{"line":25,"column":16},"end":{"line":25,"column":35}},"11":{"start":{"line":28,"column":16},"end":{"line":35,"column":17}},"12":{"start":{"line":30,"column":20},"end":{"line":34,"column":21}},"13":{"start":{"line":31,"column":24},"end":{"line":31,"column":52}},"14":{"start":{"line":33,"column":24},"end":{"line":33,"column":100}},"15":{"start":{"line":36,"column":16},"end":{"line":36,"column":69}},"16":{"start":{"line":36,"column":39},"end":{"line":36,"column":67}},"17":{"start":{"line":38,"column":16},"end":{"line":44,"column":19}},"18":{"start":{"line":43,"column":20},"end":{"line":43,"column":52}},"19":{"start":{"line":47,"column":12},"end":{"line":47,"column":36}},"20":{"start":{"line":48,"column":12},"end":{"line":48,"column":33}},"21":{"start":{"line":52,"column":4},"end":{"line":55,"column":5}},"22":{"start":{"line":53,"column":8},"end":{"line":53,"column":35}},"23":{"start":{"line":54,"column":8},"end":{"line":54,"column":88}}},"branchMap":{"1":{"line":28,"type":"if","locations":[{"start":{"line":28,"column":16},"end":{"line":28,"column":16}},{"start":{"line":28,"column":16},"end":{"line":28,"column":16}}]},"2":{"line":30,"type":"if","locations":[{"start":{"line":30,"column":20},"end":{"line":30,"column":20}},{"start":{"line":30,"column":20},"end":{"line":30,"column":20}}]},"3":{"line":36,"type":"if","locations":[{"start":{"line":36,"column":16},"end":{"line":36,"column":16}},{"start":{"line":36,"column":16},"end":{"line":36,"column":16}}]},"4":{"line":54,"type":"binary-expr","locations":[{"start":{"line":54,"column":49},"end":{"line":54,"column":63}},{"start":{"line":54,"column":67},"end":{"line":54,"column":69}}]}},"code":["/*"," * grunt-git"," * https://github.com/rubenv/grunt-git"," *"," * Copyright (c) 2013 Ruben Vermeersch"," * Licensed under the MIT license."," */","","'use strict';","","var commands = require('../lib/commands');","","module.exports = function (grunt) {","","    function wrapCommand(fn) {","        return function () {","            var self = this;","","            function exec() {","                var args = Array.prototype.slice.call(arguments);","                var callback = args.pop();","                var options = self.options({","                    verbose: false","                });","                var spawnOpts = {};","","                //build spawn options based on task options","                if (options.cwd) {","                    //verify that the specified cwd exists","                    if (grunt.file.isDir(options.cwd)) {","                        spawnOpts.cwd = options.cwd;","                    } else {","                        throw new Error('The specified cwd does not exist: \"' + options.cwd  + '\"');","                    }","                }","                if (options.verbose) { spawnOpts.stdio = 'inherit'; }","","                grunt.util.spawn({","                    cmd: 'git',","                    args: args,","                    opts: spawnOpts","                }, function () {","                    callback.apply(this, arguments);","                });","            }","","            var done = self.async();","            fn(self, exec, done);","        };","    }","","    for (var command in commands) {","        var fn = commands[command];","        grunt.registerMultiTask('git' + command, fn.description || '', wrapCommand(fn));","    }","};",""],"l":{"11":1,"13":1,"15":1,"16":0,"17":0,"19":1,"20":0,"21":0,"22":0,"25":0,"28":0,"30":0,"31":0,"33":0,"36":0,"38":0,"43":0,"47":0,"48":0,"52":0,"53":0,"54":0}}}